2023-01-16 17:51:03 INFO  SubmitResource:24 - Making a post call to submit a resource
2023-01-16 17:51:03 INFO  TestUtils:22 - Env Name: stage
2023-01-16 17:51:03 INFO  GetToken:16 - Get a bearer token for the user
2023-01-16 17:51:03 INFO  TestUtils:22 - Env Name: stage
2023-01-16 17:51:03 INFO  TestUtils:22 - Env Name: stage
2023-01-16 17:51:03 INFO  TestUtils:22 - Env Name: stage
2023-01-16 17:51:03 INFO  TestUtils:22 - Env Name: stage
2023-01-16 17:51:03 INFO  TestUtils:22 - Env Name: stage
2023-01-16 17:51:03 INFO  Base:27 - End Point : /oauth2/token
2023-01-16 17:51:04 DEBUG BasicClientConnectionManager:161 - Get connection for route {s}->https://izaan-test.auth.us-east-1.amazoncognito.com:443
2023-01-16 17:51:04 DEBUG DefaultClientConnectionOperator:177 - Connecting to izaan-test.auth.us-east-1.amazoncognito.com:443
2023-01-16 17:51:04 DEBUG RequestAddCookies:123 - CookieSpec selected: ignoreCookies
2023-01-16 17:51:04 DEBUG RequestAuthCache:77 - Auth cache not set in the context
2023-01-16 17:51:04 DEBUG RequestProxyAuthentication:89 - Proxy auth state: UNCHALLENGED
2023-01-16 17:51:04 DEBUG DefaultHttpClient:682 - Attempt 1 to execute request
2023-01-16 17:51:04 DEBUG DefaultClientConnection:274 - Sending request: POST /oauth2/token HTTP/1.1
2023-01-16 17:51:04 DEBUG wire:73 -  >> "POST /oauth2/token HTTP/1.1[\r][\n]"
2023-01-16 17:51:04 DEBUG wire:73 -  >> "Authorization: Basic MXU1aW80dmE5c3I0NW43OWZjZWcyZGFtamY6MXFia3RodnA3bGJjN2FhdnVoaG1mZzhmMmNyZWtvcjloMmg3YWJ1Mm9ydTFubHBqNzFmZQ==[\r][\n]"
2023-01-16 17:51:04 DEBUG wire:73 -  >> "Accept: */*[\r][\n]"
2023-01-16 17:51:04 DEBUG wire:73 -  >> "Content-Type: application/x-www-form-urlencoded; charset=ISO-8859-1[\r][\n]"
2023-01-16 17:51:04 DEBUG wire:73 -  >> "Content-Length: 58[\r][\n]"
2023-01-16 17:51:04 DEBUG wire:73 -  >> "Host: izaan-test.auth.us-east-1.amazoncognito.com[\r][\n]"
2023-01-16 17:51:04 DEBUG wire:73 -  >> "Connection: Keep-Alive[\r][\n]"
2023-01-16 17:51:04 DEBUG wire:73 -  >> "User-Agent: Apache-HttpClient/4.5.3 (Java/1.8.0_341)[\r][\n]"
2023-01-16 17:51:04 DEBUG wire:73 -  >> "Accept-Encoding: gzip,deflate[\r][\n]"
2023-01-16 17:51:04 DEBUG wire:73 -  >> "[\r][\n]"
2023-01-16 17:51:04 DEBUG headers:278 - >> POST /oauth2/token HTTP/1.1
2023-01-16 17:51:04 DEBUG headers:281 - >> Authorization: Basic MXU1aW80dmE5c3I0NW43OWZjZWcyZGFtamY6MXFia3RodnA3bGJjN2FhdnVoaG1mZzhmMmNyZWtvcjloMmg3YWJ1Mm9ydTFubHBqNzFmZQ==
2023-01-16 17:51:04 DEBUG headers:281 - >> Accept: */*
2023-01-16 17:51:04 DEBUG headers:281 - >> Content-Type: application/x-www-form-urlencoded; charset=ISO-8859-1
2023-01-16 17:51:04 DEBUG headers:281 - >> Content-Length: 58
2023-01-16 17:51:04 DEBUG headers:281 - >> Host: izaan-test.auth.us-east-1.amazoncognito.com
2023-01-16 17:51:04 DEBUG headers:281 - >> Connection: Keep-Alive
2023-01-16 17:51:04 DEBUG headers:281 - >> User-Agent: Apache-HttpClient/4.5.3 (Java/1.8.0_341)
2023-01-16 17:51:04 DEBUG headers:281 - >> Accept-Encoding: gzip,deflate
2023-01-16 17:51:04 DEBUG wire:87 -  >> "grant_type=client_credentials&scope=izaan_test%2Fpost_info"
2023-01-16 17:51:04 DEBUG wire:73 -  << "HTTP/1.1 200 OK[\r][\n]"
2023-01-16 17:51:04 DEBUG wire:73 -  << "Date: Mon, 16 Jan 2023 22:51:10 GMT[\r][\n]"
2023-01-16 17:51:04 DEBUG wire:73 -  << "Content-Type: application/json;charset=UTF-8[\r][\n]"
2023-01-16 17:51:04 DEBUG wire:73 -  << "Transfer-Encoding: chunked[\r][\n]"
2023-01-16 17:51:04 DEBUG wire:73 -  << "Connection: keep-alive[\r][\n]"
2023-01-16 17:51:04 DEBUG wire:73 -  << "Set-Cookie: XSRF-TOKEN=2aaa0242-540f-4bcb-9c62-f701f5cb285f; Path=/; Secure; HttpOnly; SameSite=Lax[\r][\n]"
2023-01-16 17:51:04 DEBUG wire:73 -  << "x-amz-cognito-request-id: 519b7e16-cd87-4ef6-9670-25fb7592c0cb[\r][\n]"
2023-01-16 17:51:04 DEBUG wire:73 -  << "X-Content-Type-Options: nosniff[\r][\n]"
2023-01-16 17:51:04 DEBUG wire:73 -  << "X-XSS-Protection: 1; mode=block[\r][\n]"
2023-01-16 17:51:04 DEBUG wire:73 -  << "Cache-Control: no-cache, no-store, max-age=0, must-revalidate[\r][\n]"
2023-01-16 17:51:04 DEBUG wire:73 -  << "Pragma: no-cache[\r][\n]"
2023-01-16 17:51:04 DEBUG wire:73 -  << "Expires: 0[\r][\n]"
2023-01-16 17:51:04 DEBUG wire:73 -  << "Strict-Transport-Security: max-age=31536000 ; includeSubDomains[\r][\n]"
2023-01-16 17:51:04 DEBUG wire:73 -  << "X-Frame-Options: DENY[\r][\n]"
2023-01-16 17:51:04 DEBUG wire:73 -  << "Server: Server[\r][\n]"
2023-01-16 17:51:04 DEBUG wire:73 -  << "[\r][\n]"
2023-01-16 17:51:04 DEBUG DefaultClientConnection:259 - Receiving response: HTTP/1.1 200 OK
2023-01-16 17:51:04 DEBUG headers:262 - << HTTP/1.1 200 OK
2023-01-16 17:51:04 DEBUG headers:265 - << Date: Mon, 16 Jan 2023 22:51:10 GMT
2023-01-16 17:51:04 DEBUG headers:265 - << Content-Type: application/json;charset=UTF-8
2023-01-16 17:51:04 DEBUG headers:265 - << Transfer-Encoding: chunked
2023-01-16 17:51:04 DEBUG headers:265 - << Connection: keep-alive
2023-01-16 17:51:04 DEBUG headers:265 - << Set-Cookie: XSRF-TOKEN=2aaa0242-540f-4bcb-9c62-f701f5cb285f; Path=/; Secure; HttpOnly; SameSite=Lax
2023-01-16 17:51:04 DEBUG headers:265 - << x-amz-cognito-request-id: 519b7e16-cd87-4ef6-9670-25fb7592c0cb
2023-01-16 17:51:04 DEBUG headers:265 - << X-Content-Type-Options: nosniff
2023-01-16 17:51:04 DEBUG headers:265 - << X-XSS-Protection: 1; mode=block
2023-01-16 17:51:04 DEBUG headers:265 - << Cache-Control: no-cache, no-store, max-age=0, must-revalidate
2023-01-16 17:51:04 DEBUG headers:265 - << Pragma: no-cache
2023-01-16 17:51:04 DEBUG headers:265 - << Expires: 0
2023-01-16 17:51:04 DEBUG headers:265 - << Strict-Transport-Security: max-age=31536000 ; includeSubDomains
2023-01-16 17:51:04 DEBUG headers:265 - << X-Frame-Options: DENY
2023-01-16 17:51:04 DEBUG headers:265 - << Server: Server
2023-01-16 17:51:04 DEBUG DefaultHttpClient:509 - Connection can be kept alive indefinitely
2023-01-16 17:51:04 DEBUG RequestSpecificationImpl$RestAssuredHttpBuilder:545 - Parsing response as: application/json;charset=UTF-8
2023-01-16 17:51:04 DEBUG RequestSpecificationImpl$RestAssuredHttpBuilder:548 - Parsed data to instance of: class org.apache.http.conn.EofSensorInputStream
2023-01-16 17:51:04 INFO  TestUtils:41 - Getting Response Code
2023-01-16 17:51:04 INFO  TestUtils:43 - Status Code: 200
2023-01-16 17:51:04 INFO  TestUtils:22 - Env Name: stage
2023-01-16 17:51:04 INFO  TestUtils:22 - Env Name: stage
2023-01-16 17:51:04 INFO  TestUtils:22 - Env Name: stage
2023-01-16 17:51:04 INFO  TestUtils:22 - Env Name: stage
2023-01-16 17:51:04 INFO  TestUtils:22 - Env Name: stage
2023-01-16 17:51:04 INFO  Base:27 - End Point : /oauth2/token
2023-01-16 17:51:04 DEBUG BasicClientConnectionManager:161 - Get connection for route {s}->https://izaan-test.auth.us-east-1.amazoncognito.com:443
2023-01-16 17:51:04 DEBUG DefaultClientConnectionOperator:177 - Connecting to izaan-test.auth.us-east-1.amazoncognito.com:443
2023-01-16 17:51:05 DEBUG RequestAddCookies:123 - CookieSpec selected: ignoreCookies
2023-01-16 17:51:05 DEBUG RequestAuthCache:77 - Auth cache not set in the context
2023-01-16 17:51:05 DEBUG RequestProxyAuthentication:89 - Proxy auth state: UNCHALLENGED
2023-01-16 17:51:05 DEBUG DefaultHttpClient:682 - Attempt 1 to execute request
2023-01-16 17:51:05 DEBUG DefaultClientConnection:274 - Sending request: POST /oauth2/token HTTP/1.1
2023-01-16 17:51:05 DEBUG wire:73 -  >> "POST /oauth2/token HTTP/1.1[\r][\n]"
2023-01-16 17:51:05 DEBUG wire:73 -  >> "Authorization: Basic MXU1aW80dmE5c3I0NW43OWZjZWcyZGFtamY6MXFia3RodnA3bGJjN2FhdnVoaG1mZzhmMmNyZWtvcjloMmg3YWJ1Mm9ydTFubHBqNzFmZQ==[\r][\n]"
2023-01-16 17:51:05 DEBUG wire:73 -  >> "Accept: */*[\r][\n]"
2023-01-16 17:51:05 DEBUG wire:73 -  >> "Content-Type: application/x-www-form-urlencoded; charset=ISO-8859-1[\r][\n]"
2023-01-16 17:51:05 DEBUG wire:73 -  >> "Content-Length: 58[\r][\n]"
2023-01-16 17:51:05 DEBUG wire:73 -  >> "Host: izaan-test.auth.us-east-1.amazoncognito.com[\r][\n]"
2023-01-16 17:51:05 DEBUG wire:73 -  >> "Connection: Keep-Alive[\r][\n]"
2023-01-16 17:51:05 DEBUG wire:73 -  >> "User-Agent: Apache-HttpClient/4.5.3 (Java/1.8.0_341)[\r][\n]"
2023-01-16 17:51:05 DEBUG wire:73 -  >> "Accept-Encoding: gzip,deflate[\r][\n]"
2023-01-16 17:51:05 DEBUG wire:73 -  >> "[\r][\n]"
2023-01-16 17:51:05 DEBUG headers:278 - >> POST /oauth2/token HTTP/1.1
2023-01-16 17:51:05 DEBUG headers:281 - >> Authorization: Basic MXU1aW80dmE5c3I0NW43OWZjZWcyZGFtamY6MXFia3RodnA3bGJjN2FhdnVoaG1mZzhmMmNyZWtvcjloMmg3YWJ1Mm9ydTFubHBqNzFmZQ==
2023-01-16 17:51:05 DEBUG headers:281 - >> Accept: */*
2023-01-16 17:51:05 DEBUG headers:281 - >> Content-Type: application/x-www-form-urlencoded; charset=ISO-8859-1
2023-01-16 17:51:05 DEBUG headers:281 - >> Content-Length: 58
2023-01-16 17:51:05 DEBUG headers:281 - >> Host: izaan-test.auth.us-east-1.amazoncognito.com
2023-01-16 17:51:05 DEBUG headers:281 - >> Connection: Keep-Alive
2023-01-16 17:51:05 DEBUG headers:281 - >> User-Agent: Apache-HttpClient/4.5.3 (Java/1.8.0_341)
2023-01-16 17:51:05 DEBUG headers:281 - >> Accept-Encoding: gzip,deflate
2023-01-16 17:51:05 DEBUG wire:87 -  >> "grant_type=client_credentials&scope=izaan_test%2Fpost_info"
2023-01-16 17:51:05 DEBUG wire:73 -  << "HTTP/1.1 200 OK[\r][\n]"
2023-01-16 17:51:05 DEBUG wire:73 -  << "Date: Mon, 16 Jan 2023 22:51:10 GMT[\r][\n]"
2023-01-16 17:51:05 DEBUG wire:73 -  << "Content-Type: application/json;charset=UTF-8[\r][\n]"
2023-01-16 17:51:05 DEBUG wire:73 -  << "Transfer-Encoding: chunked[\r][\n]"
2023-01-16 17:51:05 DEBUG wire:73 -  << "Connection: keep-alive[\r][\n]"
2023-01-16 17:51:05 DEBUG wire:73 -  << "Set-Cookie: XSRF-TOKEN=a801c1be-3a68-4ed7-8834-1f2d8c99e9a6; Path=/; Secure; HttpOnly; SameSite=Lax[\r][\n]"
2023-01-16 17:51:05 DEBUG wire:73 -  << "x-amz-cognito-request-id: 38498d3e-7e7b-424e-a963-0db4f924e946[\r][\n]"
2023-01-16 17:51:05 DEBUG wire:73 -  << "X-Content-Type-Options: nosniff[\r][\n]"
2023-01-16 17:51:05 DEBUG wire:73 -  << "X-XSS-Protection: 1; mode=block[\r][\n]"
2023-01-16 17:51:05 DEBUG wire:73 -  << "Cache-Control: no-cache, no-store, max-age=0, must-revalidate[\r][\n]"
2023-01-16 17:51:05 DEBUG wire:73 -  << "Pragma: no-cache[\r][\n]"
2023-01-16 17:51:05 DEBUG wire:73 -  << "Expires: 0[\r][\n]"
2023-01-16 17:51:05 DEBUG wire:73 -  << "Strict-Transport-Security: max-age=31536000 ; includeSubDomains[\r][\n]"
2023-01-16 17:51:05 DEBUG wire:73 -  << "X-Frame-Options: DENY[\r][\n]"
2023-01-16 17:51:05 DEBUG wire:73 -  << "Server: Server[\r][\n]"
2023-01-16 17:51:05 DEBUG wire:73 -  << "[\r][\n]"
2023-01-16 17:51:05 DEBUG DefaultClientConnection:259 - Receiving response: HTTP/1.1 200 OK
2023-01-16 17:51:05 DEBUG headers:262 - << HTTP/1.1 200 OK
2023-01-16 17:51:05 DEBUG headers:265 - << Date: Mon, 16 Jan 2023 22:51:10 GMT
2023-01-16 17:51:05 DEBUG headers:265 - << Content-Type: application/json;charset=UTF-8
2023-01-16 17:51:05 DEBUG headers:265 - << Transfer-Encoding: chunked
2023-01-16 17:51:05 DEBUG headers:265 - << Connection: keep-alive
2023-01-16 17:51:05 DEBUG headers:265 - << Set-Cookie: XSRF-TOKEN=a801c1be-3a68-4ed7-8834-1f2d8c99e9a6; Path=/; Secure; HttpOnly; SameSite=Lax
2023-01-16 17:51:05 DEBUG headers:265 - << x-amz-cognito-request-id: 38498d3e-7e7b-424e-a963-0db4f924e946
2023-01-16 17:51:05 DEBUG headers:265 - << X-Content-Type-Options: nosniff
2023-01-16 17:51:05 DEBUG headers:265 - << X-XSS-Protection: 1; mode=block
2023-01-16 17:51:05 DEBUG headers:265 - << Cache-Control: no-cache, no-store, max-age=0, must-revalidate
2023-01-16 17:51:05 DEBUG headers:265 - << Pragma: no-cache
2023-01-16 17:51:05 DEBUG headers:265 - << Expires: 0
2023-01-16 17:51:05 DEBUG headers:265 - << Strict-Transport-Security: max-age=31536000 ; includeSubDomains
2023-01-16 17:51:05 DEBUG headers:265 - << X-Frame-Options: DENY
2023-01-16 17:51:05 DEBUG headers:265 - << Server: Server
2023-01-16 17:51:05 DEBUG DefaultHttpClient:509 - Connection can be kept alive indefinitely
2023-01-16 17:51:05 DEBUG RequestSpecificationImpl$RestAssuredHttpBuilder:545 - Parsing response as: application/json;charset=UTF-8
2023-01-16 17:51:05 DEBUG RequestSpecificationImpl$RestAssuredHttpBuilder:548 - Parsed data to instance of: class org.apache.http.conn.EofSensorInputStream
2023-01-16 17:51:05 INFO  TestUtils:66 - Getting an attribute value from Response body
2023-01-16 17:51:05 DEBUG wire:73 -  << "398[\r][\n]"
2023-01-16 17:51:05 DEBUG wire:87 -  << "{"access_token":"eyJraWQiOiJtNlhhM3FkczlxY2o2ODZYOVBRb0JqTEJSQU5yMzBPZ21ZQzdvdThZc1N3PSIsImFsZyI6IlJTMjU2In0.eyJzdWIiOiIxdTVpbzR2YTlzcjQ1bjc5ZmNlZzJkYW1qZiIsInRva2VuX3VzZSI6ImFjY2VzcyIsInNjb3BlIjoiaXphYW5fdGVzdFwvcG9zdF9pbmZvIiwiYXV0aF90aW1lIjoxNjczOTA5NDcwLCJpc3MiOiJodHRwczpcL1wvY29nbml0by1pZHAudXMtZWFzdC0xLmFtYXpvbmF3cy5jb21cL3VzLWVhc3QtMV9ZN3k4cTVDMVoiLCJleHAiOjE2NzM5MTMwNzAsImlhdCI6MTY3MzkwOTQ3MCwidmVyc2lvbiI6MiwianRpIjoiYzNkNmQ1NzMtNDE2ZS00NTE0LWIyNDgtYmQ3ZTMxYTE5ZmU5IiwiY2xpZW50X2lkIjoiMXU1aW80dmE5c3I0NW43OWZjZWcyZGFtamYifQ.YYuQxEUI4R0AjIBLgVEMSIiJVPjJ92jDJxjLP096WgHIBmPlZwf_ZYRlXFNPrA0GeCkFYw6CRNT433ukzbUZ368lCg1I-U49kBkRFMhaNEl985_aXhNEDLcKPHveWk7lXLKji8-bJ9iaWvFelVwuaZoZ4vaDnnHcQpcI4PW62Xsnh9_pdgjSXidcaGq8cyvCIp5eeeIUCFkyZfUnQ8ojfNbdaFvJzHvhqf5TP_LS6VNONwB1xMrDAR28T6m4GNjNcUD9Pbu1ugVLuVrjUwwCVDluaHS2INuDv4cmWHYRxBZhIzTQhoATLP3_ASkzVP-4QdlYSgdkTYcsgZ50GW-03w","expires_in":3600,"token_type":"Bearer"}"
2023-01-16 17:51:05 DEBUG wire:73 -  << "[\r][\n]"
2023-01-16 17:51:05 DEBUG wire:73 -  << "0[\r][\n]"
2023-01-16 17:51:05 DEBUG wire:73 -  << "[\r][\n]"
2023-01-16 17:51:05 DEBUG BasicClientConnectionManager:200 - Releasing connection org.apache.http.impl.conn.ManagedClientConnectionImpl@174cb09
2023-01-16 17:51:05 DEBUG BasicClientConnectionManager:225 - Connection can be kept alive indefinitely
2023-01-16 17:51:05 DEBUG DefaultClientConnection:180 - Connection 0.0.0.0:49904<->34.205.148.118:443 closed
2023-01-16 17:51:05 DEBUG TestUtils:69 - access_token: eyJraWQiOiJtNlhhM3FkczlxY2o2ODZYOVBRb0JqTEJSQU5yMzBPZ21ZQzdvdThZc1N3PSIsImFsZyI6IlJTMjU2In0.eyJzdWIiOiIxdTVpbzR2YTlzcjQ1bjc5ZmNlZzJkYW1qZiIsInRva2VuX3VzZSI6ImFjY2VzcyIsInNjb3BlIjoiaXphYW5fdGVzdFwvcG9zdF9pbmZvIiwiYXV0aF90aW1lIjoxNjczOTA5NDcwLCJpc3MiOiJodHRwczpcL1wvY29nbml0by1pZHAudXMtZWFzdC0xLmFtYXpvbmF3cy5jb21cL3VzLWVhc3QtMV9ZN3k4cTVDMVoiLCJleHAiOjE2NzM5MTMwNzAsImlhdCI6MTY3MzkwOTQ3MCwidmVyc2lvbiI6MiwianRpIjoiYzNkNmQ1NzMtNDE2ZS00NTE0LWIyNDgtYmQ3ZTMxYTE5ZmU5IiwiY2xpZW50X2lkIjoiMXU1aW80dmE5c3I0NW43OWZjZWcyZGFtamYifQ.YYuQxEUI4R0AjIBLgVEMSIiJVPjJ92jDJxjLP096WgHIBmPlZwf_ZYRlXFNPrA0GeCkFYw6CRNT433ukzbUZ368lCg1I-U49kBkRFMhaNEl985_aXhNEDLcKPHveWk7lXLKji8-bJ9iaWvFelVwuaZoZ4vaDnnHcQpcI4PW62Xsnh9_pdgjSXidcaGq8cyvCIp5eeeIUCFkyZfUnQ8ojfNbdaFvJzHvhqf5TP_LS6VNONwB1xMrDAR28T6m4GNjNcUD9Pbu1ugVLuVrjUwwCVDluaHS2INuDv4cmWHYRxBZhIzTQhoATLP3_ASkzVP-4QdlYSgdkTYcsgZ50GW-03w
2023-01-16 17:51:05 INFO  TestUtils:22 - Env Name: stage
2023-01-16 17:51:05 INFO  TestUtils:22 - Env Name: stage
2023-01-16 17:51:05 INFO  TestUtils:22 - Env Name: stage
2023-01-16 17:51:05 INFO  TestUtils:22 - Env Name: stage
2023-01-16 17:51:05 INFO  TestUtils:22 - Env Name: stage
2023-01-16 17:51:05 INFO  Base:27 - End Point : /oauth2/token
2023-01-16 17:51:05 DEBUG BasicClientConnectionManager:161 - Get connection for route {s}->https://izaan-test.auth.us-east-1.amazoncognito.com:443
2023-01-16 17:51:05 DEBUG DefaultClientConnectionOperator:177 - Connecting to izaan-test.auth.us-east-1.amazoncognito.com:443
2023-01-16 17:51:05 DEBUG RequestAddCookies:123 - CookieSpec selected: ignoreCookies
2023-01-16 17:51:05 DEBUG RequestAuthCache:77 - Auth cache not set in the context
2023-01-16 17:51:05 DEBUG RequestProxyAuthentication:89 - Proxy auth state: UNCHALLENGED
2023-01-16 17:51:05 DEBUG DefaultHttpClient:682 - Attempt 1 to execute request
2023-01-16 17:51:05 DEBUG DefaultClientConnection:274 - Sending request: POST /oauth2/token HTTP/1.1
2023-01-16 17:51:05 DEBUG wire:73 -  >> "POST /oauth2/token HTTP/1.1[\r][\n]"
2023-01-16 17:51:05 DEBUG wire:73 -  >> "Authorization: Basic MXU1aW80dmE5c3I0NW43OWZjZWcyZGFtamY6MXFia3RodnA3bGJjN2FhdnVoaG1mZzhmMmNyZWtvcjloMmg3YWJ1Mm9ydTFubHBqNzFmZQ==[\r][\n]"
2023-01-16 17:51:05 DEBUG wire:73 -  >> "Accept: */*[\r][\n]"
2023-01-16 17:51:05 DEBUG wire:73 -  >> "Content-Type: application/x-www-form-urlencoded; charset=ISO-8859-1[\r][\n]"
2023-01-16 17:51:05 DEBUG wire:73 -  >> "Content-Length: 58[\r][\n]"
2023-01-16 17:51:05 DEBUG wire:73 -  >> "Host: izaan-test.auth.us-east-1.amazoncognito.com[\r][\n]"
2023-01-16 17:51:05 DEBUG wire:73 -  >> "Connection: Keep-Alive[\r][\n]"
2023-01-16 17:51:05 DEBUG wire:73 -  >> "User-Agent: Apache-HttpClient/4.5.3 (Java/1.8.0_341)[\r][\n]"
2023-01-16 17:51:05 DEBUG wire:73 -  >> "Accept-Encoding: gzip,deflate[\r][\n]"
2023-01-16 17:51:05 DEBUG wire:73 -  >> "[\r][\n]"
2023-01-16 17:51:05 DEBUG headers:278 - >> POST /oauth2/token HTTP/1.1
2023-01-16 17:51:05 DEBUG headers:281 - >> Authorization: Basic MXU1aW80dmE5c3I0NW43OWZjZWcyZGFtamY6MXFia3RodnA3bGJjN2FhdnVoaG1mZzhmMmNyZWtvcjloMmg3YWJ1Mm9ydTFubHBqNzFmZQ==
2023-01-16 17:51:05 DEBUG headers:281 - >> Accept: */*
2023-01-16 17:51:05 DEBUG headers:281 - >> Content-Type: application/x-www-form-urlencoded; charset=ISO-8859-1
2023-01-16 17:51:05 DEBUG headers:281 - >> Content-Length: 58
2023-01-16 17:51:05 DEBUG headers:281 - >> Host: izaan-test.auth.us-east-1.amazoncognito.com
2023-01-16 17:51:05 DEBUG headers:281 - >> Connection: Keep-Alive
2023-01-16 17:51:05 DEBUG headers:281 - >> User-Agent: Apache-HttpClient/4.5.3 (Java/1.8.0_341)
2023-01-16 17:51:05 DEBUG headers:281 - >> Accept-Encoding: gzip,deflate
2023-01-16 17:51:05 DEBUG wire:87 -  >> "grant_type=client_credentials&scope=izaan_test%2Fpost_info"
2023-01-16 17:51:06 DEBUG wire:73 -  << "HTTP/1.1 200 OK[\r][\n]"
2023-01-16 17:51:06 DEBUG wire:73 -  << "Date: Mon, 16 Jan 2023 22:51:11 GMT[\r][\n]"
2023-01-16 17:51:06 DEBUG wire:73 -  << "Content-Type: application/json;charset=UTF-8[\r][\n]"
2023-01-16 17:51:06 DEBUG wire:73 -  << "Transfer-Encoding: chunked[\r][\n]"
2023-01-16 17:51:06 DEBUG wire:73 -  << "Connection: keep-alive[\r][\n]"
2023-01-16 17:51:06 DEBUG wire:73 -  << "Set-Cookie: XSRF-TOKEN=6547d84c-b2ca-4357-afd9-a577cd3217a2; Path=/; Secure; HttpOnly; SameSite=Lax[\r][\n]"
2023-01-16 17:51:06 DEBUG wire:73 -  << "x-amz-cognito-request-id: 294ca716-77d2-456e-baa4-85d985c1716f[\r][\n]"
2023-01-16 17:51:06 DEBUG wire:73 -  << "X-Content-Type-Options: nosniff[\r][\n]"
2023-01-16 17:51:06 DEBUG wire:73 -  << "X-XSS-Protection: 1; mode=block[\r][\n]"
2023-01-16 17:51:06 DEBUG wire:73 -  << "Cache-Control: no-cache, no-store, max-age=0, must-revalidate[\r][\n]"
2023-01-16 17:51:06 DEBUG wire:73 -  << "Pragma: no-cache[\r][\n]"
2023-01-16 17:51:06 DEBUG wire:73 -  << "Expires: 0[\r][\n]"
2023-01-16 17:51:06 DEBUG wire:73 -  << "Strict-Transport-Security: max-age=31536000 ; includeSubDomains[\r][\n]"
2023-01-16 17:51:06 DEBUG wire:73 -  << "X-Frame-Options: DENY[\r][\n]"
2023-01-16 17:51:06 DEBUG wire:73 -  << "Server: Server[\r][\n]"
2023-01-16 17:51:06 DEBUG wire:73 -  << "[\r][\n]"
2023-01-16 17:51:06 DEBUG DefaultClientConnection:259 - Receiving response: HTTP/1.1 200 OK
2023-01-16 17:51:06 DEBUG headers:262 - << HTTP/1.1 200 OK
2023-01-16 17:51:06 DEBUG headers:265 - << Date: Mon, 16 Jan 2023 22:51:11 GMT
2023-01-16 17:51:06 DEBUG headers:265 - << Content-Type: application/json;charset=UTF-8
2023-01-16 17:51:06 DEBUG headers:265 - << Transfer-Encoding: chunked
2023-01-16 17:51:06 DEBUG headers:265 - << Connection: keep-alive
2023-01-16 17:51:06 DEBUG headers:265 - << Set-Cookie: XSRF-TOKEN=6547d84c-b2ca-4357-afd9-a577cd3217a2; Path=/; Secure; HttpOnly; SameSite=Lax
2023-01-16 17:51:06 DEBUG headers:265 - << x-amz-cognito-request-id: 294ca716-77d2-456e-baa4-85d985c1716f
2023-01-16 17:51:06 DEBUG headers:265 - << X-Content-Type-Options: nosniff
2023-01-16 17:51:06 DEBUG headers:265 - << X-XSS-Protection: 1; mode=block
2023-01-16 17:51:06 DEBUG headers:265 - << Cache-Control: no-cache, no-store, max-age=0, must-revalidate
2023-01-16 17:51:06 DEBUG headers:265 - << Pragma: no-cache
2023-01-16 17:51:06 DEBUG headers:265 - << Expires: 0
2023-01-16 17:51:06 DEBUG headers:265 - << Strict-Transport-Security: max-age=31536000 ; includeSubDomains
2023-01-16 17:51:06 DEBUG headers:265 - << X-Frame-Options: DENY
2023-01-16 17:51:06 DEBUG headers:265 - << Server: Server
2023-01-16 17:51:06 DEBUG DefaultHttpClient:509 - Connection can be kept alive indefinitely
2023-01-16 17:51:06 DEBUG RequestSpecificationImpl$RestAssuredHttpBuilder:545 - Parsing response as: application/json;charset=UTF-8
2023-01-16 17:51:06 DEBUG RequestSpecificationImpl$RestAssuredHttpBuilder:548 - Parsed data to instance of: class org.apache.http.conn.EofSensorInputStream
2023-01-16 17:51:06 DEBUG wire:73 -  << "398[\r][\n]"
2023-01-16 17:51:06 DEBUG wire:87 -  << "{"access_token":"eyJraWQiOiJtNlhhM3FkczlxY2o2ODZYOVBRb0JqTEJSQU5yMzBPZ21ZQzdvdThZc1N3PSIsImFsZyI6IlJTMjU2In0.eyJzdWIiOiIxdTVpbzR2YTlzcjQ1bjc5ZmNlZzJkYW1qZiIsInRva2VuX3VzZSI6ImFjY2VzcyIsInNjb3BlIjoiaXphYW5fdGVzdFwvcG9zdF9pbmZvIiwiYXV0aF90aW1lIjoxNjczOTA5NDcxLCJpc3MiOiJodHRwczpcL1wvY29nbml0by1pZHAudXMtZWFzdC0xLmFtYXpvbmF3cy5jb21cL3VzLWVhc3QtMV9ZN3k4cTVDMVoiLCJleHAiOjE2NzM5MTMwNzEsImlhdCI6MTY3MzkwOTQ3MSwidmVyc2lvbiI6MiwianRpIjoiYjQyZWMxYWQtOGNiYi00ZDA5LWEzMDEtOTkyNTRiNzRjMTQzIiwiY2xpZW50X2lkIjoiMXU1aW80dmE5c3I0NW43OWZjZWcyZGFtamYifQ.TZeXLV7QtX6GxNvXvaEiLM5mW2PRjdKPxvlU2OrQe4JjWvC8NLXDmThOuP9zmIXVA_gSAUOyOC-IBgHNU6gqC7IH4aKGvrkNtL1B4vUxy_5v1W_3WE8RBDbmbJnXZb5TFx9KxgIfxqtiKUbYOEcXZ2c6aZMWdSXLVgdgBvrcE3694RhrTw1CCaoqGftzLLo7RXaDH8nCGeG6h6Nh9yudWGsauG-QbkJc5Dafnb_Dt0Jw7S6hfcoumSrMeqo39vmTpyFqjgZMbqSaCIvgI_fqC2-1owy5TVz2wHPG2sl_jH563i3awYf8i2N7vv0xsuxOnAWpPIjlRUFg8Ic3cld1sg","expires_in":3600,"token_type":"Bearer"}"
2023-01-16 17:51:06 DEBUG wire:73 -  << "[\r][\n]"
2023-01-16 17:51:06 DEBUG wire:73 -  << "0[\r][\n]"
2023-01-16 17:51:06 DEBUG wire:73 -  << "[\r][\n]"
2023-01-16 17:51:06 DEBUG BasicClientConnectionManager:200 - Releasing connection org.apache.http.impl.conn.ManagedClientConnectionImpl@f66455
2023-01-16 17:51:06 DEBUG BasicClientConnectionManager:225 - Connection can be kept alive indefinitely
2023-01-16 17:51:06 INFO  TestUtils:22 - Env Name: stage
2023-01-16 17:51:06 INFO  Base:27 - End Point : /test/submit
2023-01-16 17:51:06 INFO  Base:122 - Inside POSTRequest call
2023-01-16 17:51:06 DEBUG BasicClientConnectionManager:161 - Get connection for route {s}->https://5x9m5ed0tj.execute-api.us-east-1.amazonaws.com:443
2023-01-16 17:51:06 DEBUG DefaultClientConnectionOperator:177 - Connecting to 5x9m5ed0tj.execute-api.us-east-1.amazonaws.com:443
2023-01-16 17:51:06 DEBUG DefaultClientConnection:180 - Connection 0.0.0.0:49907<->34.205.148.118:443 closed
2023-01-16 17:51:06 DEBUG RequestAddCookies:123 - CookieSpec selected: ignoreCookies
2023-01-16 17:51:06 DEBUG RequestAuthCache:77 - Auth cache not set in the context
2023-01-16 17:51:06 DEBUG RequestProxyAuthentication:89 - Proxy auth state: UNCHALLENGED
2023-01-16 17:51:06 DEBUG DefaultHttpClient:682 - Attempt 1 to execute request
2023-01-16 17:51:06 DEBUG DefaultClientConnection:274 - Sending request: POST /test/submit HTTP/1.1
2023-01-16 17:51:06 DEBUG wire:73 -  >> "POST /test/submit HTTP/1.1[\r][\n]"
2023-01-16 17:51:06 DEBUG wire:73 -  >> "Authorization: Bearer eyJraWQiOiJtNlhhM3FkczlxY2o2ODZYOVBRb0JqTEJSQU5yMzBPZ21ZQzdvdThZc1N3PSIsImFsZyI6IlJTMjU2In0.eyJzdWIiOiIxdTVpbzR2YTlzcjQ1bjc5ZmNlZzJkYW1qZiIsInRva2VuX3VzZSI6ImFjY2VzcyIsInNjb3BlIjoiaXphYW5fdGVzdFwvcG9zdF9pbmZvIiwiYXV0aF90aW1lIjoxNjczOTA5NDcxLCJpc3MiOiJodHRwczpcL1wvY29nbml0by1pZHAudXMtZWFzdC0xLmFtYXpvbmF3cy5jb21cL3VzLWVhc3QtMV9ZN3k4cTVDMVoiLCJleHAiOjE2NzM5MTMwNzEsImlhdCI6MTY3MzkwOTQ3MSwidmVyc2lvbiI6MiwianRpIjoiYjQyZWMxYWQtOGNiYi00ZDA5LWEzMDEtOTkyNTRiNzRjMTQzIiwiY2xpZW50X2lkIjoiMXU1aW80dmE5c3I0NW43OWZjZWcyZGFtamYifQ.TZeXLV7QtX6GxNvXvaEiLM5mW2PRjdKPxvlU2OrQe4JjWvC8NLXDmThOuP9zmIXVA_gSAUOyOC-IBgHNU6gqC7IH4aKGvrkNtL1B4vUxy_5v1W_3WE8RBDbmbJnXZb5TFx9KxgIfxqtiKUbYOEcXZ2c6aZMWdSXLVgdgBvrcE3694RhrTw1CCaoqGftzLLo7RXaDH8nCGeG6h6Nh9yudWGsauG-QbkJc5Dafnb_Dt0Jw7S6hfcoumSrMeqo39vmTpyFqjgZMbqSaCIvgI_fqC2-1owy5TVz2wHPG2sl_jH563i3awYf8i2N7vv0xsuxOnAWpPIjlRUFg8Ic3cld1sg[\r][\n]"
2023-01-16 17:51:06 DEBUG wire:73 -  >> "Accept: */*[\r][\n]"
2023-01-16 17:51:06 DEBUG wire:73 -  >> "Content-Type: application/json; charset=UTF-8[\r][\n]"
2023-01-16 17:51:06 DEBUG wire:73 -  >> "Content-Length: 24[\r][\n]"
2023-01-16 17:51:06 DEBUG wire:73 -  >> "Host: 5x9m5ed0tj.execute-api.us-east-1.amazonaws.com[\r][\n]"
2023-01-16 17:51:06 DEBUG wire:73 -  >> "Connection: Keep-Alive[\r][\n]"
2023-01-16 17:51:06 DEBUG wire:73 -  >> "User-Agent: Apache-HttpClient/4.5.3 (Java/1.8.0_341)[\r][\n]"
2023-01-16 17:51:06 DEBUG wire:73 -  >> "Accept-Encoding: gzip,deflate[\r][\n]"
2023-01-16 17:51:06 DEBUG wire:73 -  >> "[\r][\n]"
2023-01-16 17:51:06 DEBUG headers:278 - >> POST /test/submit HTTP/1.1
2023-01-16 17:51:06 DEBUG headers:281 - >> Authorization: Bearer eyJraWQiOiJtNlhhM3FkczlxY2o2ODZYOVBRb0JqTEJSQU5yMzBPZ21ZQzdvdThZc1N3PSIsImFsZyI6IlJTMjU2In0.eyJzdWIiOiIxdTVpbzR2YTlzcjQ1bjc5ZmNlZzJkYW1qZiIsInRva2VuX3VzZSI6ImFjY2VzcyIsInNjb3BlIjoiaXphYW5fdGVzdFwvcG9zdF9pbmZvIiwiYXV0aF90aW1lIjoxNjczOTA5NDcxLCJpc3MiOiJodHRwczpcL1wvY29nbml0by1pZHAudXMtZWFzdC0xLmFtYXpvbmF3cy5jb21cL3VzLWVhc3QtMV9ZN3k4cTVDMVoiLCJleHAiOjE2NzM5MTMwNzEsImlhdCI6MTY3MzkwOTQ3MSwidmVyc2lvbiI6MiwianRpIjoiYjQyZWMxYWQtOGNiYi00ZDA5LWEzMDEtOTkyNTRiNzRjMTQzIiwiY2xpZW50X2lkIjoiMXU1aW80dmE5c3I0NW43OWZjZWcyZGFtamYifQ.TZeXLV7QtX6GxNvXvaEiLM5mW2PRjdKPxvlU2OrQe4JjWvC8NLXDmThOuP9zmIXVA_gSAUOyOC-IBgHNU6gqC7IH4aKGvrkNtL1B4vUxy_5v1W_3WE8RBDbmbJnXZb5TFx9KxgIfxqtiKUbYOEcXZ2c6aZMWdSXLVgdgBvrcE3694RhrTw1CCaoqGftzLLo7RXaDH8nCGeG6h6Nh9yudWGsauG-QbkJc5Dafnb_Dt0Jw7S6hfcoumSrMeqo39vmTpyFqjgZMbqSaCIvgI_fqC2-1owy5TVz2wHPG2sl_jH563i3awYf8i2N7vv0xsuxOnAWpPIjlRUFg8Ic3cld1sg
2023-01-16 17:51:06 DEBUG headers:281 - >> Accept: */*
2023-01-16 17:51:06 DEBUG headers:281 - >> Content-Type: application/json; charset=UTF-8
2023-01-16 17:51:06 DEBUG headers:281 - >> Content-Length: 24
2023-01-16 17:51:06 DEBUG headers:281 - >> Host: 5x9m5ed0tj.execute-api.us-east-1.amazonaws.com
2023-01-16 17:51:06 DEBUG headers:281 - >> Connection: Keep-Alive
2023-01-16 17:51:06 DEBUG headers:281 - >> User-Agent: Apache-HttpClient/4.5.3 (Java/1.8.0_341)
2023-01-16 17:51:06 DEBUG headers:281 - >> Accept-Encoding: gzip,deflate
2023-01-16 17:51:06 DEBUG wire:87 -  >> "{"name":"John","age":37}"
2023-01-16 17:51:06 DEBUG wire:73 -  << "HTTP/1.1 200 OK[\r][\n]"
2023-01-16 17:51:06 DEBUG wire:73 -  << "Date: Mon, 16 Jan 2023 22:51:11 GMT[\r][\n]"
2023-01-16 17:51:06 DEBUG wire:73 -  << "Content-Type: application/json[\r][\n]"
2023-01-16 17:51:06 DEBUG wire:73 -  << "Content-Length: 31[\r][\n]"
2023-01-16 17:51:06 DEBUG wire:73 -  << "Connection: keep-alive[\r][\n]"
2023-01-16 17:51:06 DEBUG wire:73 -  << "x-amzn-RequestId: 555931bb-feeb-4eef-8b2b-b10293c04a4a[\r][\n]"
2023-01-16 17:51:06 DEBUG wire:73 -  << "x-amz-apigw-id: e24y_HyxoAMFZQw=[\r][\n]"
2023-01-16 17:51:06 DEBUG wire:73 -  << "X-Amzn-Trace-Id: Root=1-63c5d4df-013613d5050fc1274e1282b9;Sampled=0[\r][\n]"
2023-01-16 17:51:06 DEBUG wire:73 -  << "[\r][\n]"
2023-01-16 17:51:06 DEBUG DefaultClientConnection:259 - Receiving response: HTTP/1.1 200 OK
2023-01-16 17:51:06 DEBUG headers:262 - << HTTP/1.1 200 OK
2023-01-16 17:51:06 DEBUG headers:265 - << Date: Mon, 16 Jan 2023 22:51:11 GMT
2023-01-16 17:51:06 DEBUG headers:265 - << Content-Type: application/json
2023-01-16 17:51:06 DEBUG headers:265 - << Content-Length: 31
2023-01-16 17:51:06 DEBUG headers:265 - << Connection: keep-alive
2023-01-16 17:51:06 DEBUG headers:265 - << x-amzn-RequestId: 555931bb-feeb-4eef-8b2b-b10293c04a4a
2023-01-16 17:51:06 DEBUG headers:265 - << x-amz-apigw-id: e24y_HyxoAMFZQw=
2023-01-16 17:51:06 DEBUG headers:265 - << X-Amzn-Trace-Id: Root=1-63c5d4df-013613d5050fc1274e1282b9;Sampled=0
2023-01-16 17:51:06 DEBUG DefaultHttpClient:509 - Connection can be kept alive indefinitely
2023-01-16 17:51:06 DEBUG RequestSpecificationImpl$RestAssuredHttpBuilder:545 - Parsing response as: application/json
2023-01-16 17:51:06 DEBUG RequestSpecificationImpl$RestAssuredHttpBuilder:548 - Parsed data to instance of: class org.apache.http.conn.EofSensorInputStream
2023-01-16 17:51:06 DEBUG Base:127 - io.restassured.internal.RequestSpecificationImpl@8ba37c
2023-01-16 17:51:06 INFO  SubmitResourceAssertion:17 - Assertions to verify if the resource has been submitted
2023-01-16 17:51:06 INFO  TestUtils:41 - Getting Response Code
2023-01-16 17:51:06 INFO  TestUtils:43 - Status Code: 200
2023-01-16 17:51:06 INFO  TestUtils:87 - Getting an attribute value from a JSON file
2023-01-16 17:51:06 DEBUG TestUtils:91 - age: 37
2023-01-16 17:51:06 INFO  TestUtils:66 - Getting an attribute value from Response body
2023-01-16 17:51:06 DEBUG wire:87 -  << "{"message": "You are an Adult"}"
2023-01-16 17:51:06 DEBUG BasicClientConnectionManager:200 - Releasing connection org.apache.http.impl.conn.ManagedClientConnectionImpl@1a2ec9b
2023-01-16 17:51:06 DEBUG BasicClientConnectionManager:225 - Connection can be kept alive indefinitely
2023-01-16 17:51:06 DEBUG TestUtils:69 - message: You are an Adult
2023-01-16 17:51:06 INFO  SubmitResource:24 - Making a post call to submit a resource
2023-01-16 17:51:06 INFO  TestUtils:22 - Env Name: stage
2023-01-16 17:51:06 INFO  GetToken:16 - Get a bearer token for the user
2023-01-16 17:51:06 INFO  TestUtils:22 - Env Name: stage
2023-01-16 17:51:06 INFO  TestUtils:22 - Env Name: stage
2023-01-16 17:51:06 INFO  TestUtils:22 - Env Name: stage
2023-01-16 17:51:06 INFO  TestUtils:22 - Env Name: stage
2023-01-16 17:51:06 INFO  TestUtils:22 - Env Name: stage
2023-01-16 17:51:06 INFO  Base:27 - End Point : /oauth2/token
2023-01-16 17:51:06 DEBUG BasicClientConnectionManager:161 - Get connection for route {s}->https://izaan-test.auth.us-east-1.amazoncognito.com:443
2023-01-16 17:51:06 DEBUG DefaultClientConnectionOperator:177 - Connecting to izaan-test.auth.us-east-1.amazoncognito.com:443
2023-01-16 17:51:06 DEBUG RequestAddCookies:123 - CookieSpec selected: ignoreCookies
2023-01-16 17:51:06 DEBUG RequestAuthCache:77 - Auth cache not set in the context
2023-01-16 17:51:06 DEBUG RequestProxyAuthentication:89 - Proxy auth state: UNCHALLENGED
2023-01-16 17:51:06 DEBUG DefaultHttpClient:682 - Attempt 1 to execute request
2023-01-16 17:51:06 DEBUG DefaultClientConnection:274 - Sending request: POST /oauth2/token HTTP/1.1
2023-01-16 17:51:06 DEBUG wire:73 -  >> "POST /oauth2/token HTTP/1.1[\r][\n]"
2023-01-16 17:51:06 DEBUG wire:73 -  >> "Authorization: Basic MXU1aW80dmE5c3I0NW43OWZjZWcyZGFtamY6MXFia3RodnA3bGJjN2FhdnVoaG1mZzhmMmNyZWtvcjloMmg3YWJ1Mm9ydTFubHBqNzFmZQ==[\r][\n]"
2023-01-16 17:51:06 DEBUG wire:73 -  >> "Accept: */*[\r][\n]"
2023-01-16 17:51:06 DEBUG wire:73 -  >> "Content-Type: application/x-www-form-urlencoded; charset=ISO-8859-1[\r][\n]"
2023-01-16 17:51:06 DEBUG wire:73 -  >> "Content-Length: 58[\r][\n]"
2023-01-16 17:51:06 DEBUG wire:73 -  >> "Host: izaan-test.auth.us-east-1.amazoncognito.com[\r][\n]"
2023-01-16 17:51:06 DEBUG wire:73 -  >> "Connection: Keep-Alive[\r][\n]"
2023-01-16 17:51:06 DEBUG wire:73 -  >> "User-Agent: Apache-HttpClient/4.5.3 (Java/1.8.0_341)[\r][\n]"
2023-01-16 17:51:06 DEBUG wire:73 -  >> "Accept-Encoding: gzip,deflate[\r][\n]"
2023-01-16 17:51:06 DEBUG wire:73 -  >> "[\r][\n]"
2023-01-16 17:51:06 DEBUG headers:278 - >> POST /oauth2/token HTTP/1.1
2023-01-16 17:51:06 DEBUG headers:281 - >> Authorization: Basic MXU1aW80dmE5c3I0NW43OWZjZWcyZGFtamY6MXFia3RodnA3bGJjN2FhdnVoaG1mZzhmMmNyZWtvcjloMmg3YWJ1Mm9ydTFubHBqNzFmZQ==
2023-01-16 17:51:06 DEBUG headers:281 - >> Accept: */*
2023-01-16 17:51:06 DEBUG headers:281 - >> Content-Type: application/x-www-form-urlencoded; charset=ISO-8859-1
2023-01-16 17:51:06 DEBUG headers:281 - >> Content-Length: 58
2023-01-16 17:51:06 DEBUG headers:281 - >> Host: izaan-test.auth.us-east-1.amazoncognito.com
2023-01-16 17:51:06 DEBUG headers:281 - >> Connection: Keep-Alive
2023-01-16 17:51:06 DEBUG headers:281 - >> User-Agent: Apache-HttpClient/4.5.3 (Java/1.8.0_341)
2023-01-16 17:51:06 DEBUG headers:281 - >> Accept-Encoding: gzip,deflate
2023-01-16 17:51:06 DEBUG wire:87 -  >> "grant_type=client_credentials&scope=izaan_test%2Fpost_info"
2023-01-16 17:51:06 DEBUG wire:73 -  << "HTTP/1.1 200 OK[\r][\n]"
2023-01-16 17:51:06 DEBUG wire:73 -  << "Date: Mon, 16 Jan 2023 22:51:12 GMT[\r][\n]"
2023-01-16 17:51:06 DEBUG wire:73 -  << "Content-Type: application/json;charset=UTF-8[\r][\n]"
2023-01-16 17:51:06 DEBUG wire:73 -  << "Transfer-Encoding: chunked[\r][\n]"
2023-01-16 17:51:06 DEBUG wire:73 -  << "Connection: keep-alive[\r][\n]"
2023-01-16 17:51:06 DEBUG wire:73 -  << "Set-Cookie: XSRF-TOKEN=d4ce7a21-a6c2-4a5a-9eea-bec0e769cc6b; Path=/; Secure; HttpOnly; SameSite=Lax[\r][\n]"
2023-01-16 17:51:06 DEBUG wire:73 -  << "x-amz-cognito-request-id: afbf3820-92ec-4535-8d01-fe06f3f472b5[\r][\n]"
2023-01-16 17:51:06 DEBUG wire:73 -  << "X-Content-Type-Options: nosniff[\r][\n]"
2023-01-16 17:51:06 DEBUG wire:73 -  << "X-XSS-Protection: 1; mode=block[\r][\n]"
2023-01-16 17:51:06 DEBUG wire:73 -  << "Cache-Control: no-cache, no-store, max-age=0, must-revalidate[\r][\n]"
2023-01-16 17:51:06 DEBUG wire:73 -  << "Pragma: no-cache[\r][\n]"
2023-01-16 17:51:06 DEBUG wire:73 -  << "Expires: 0[\r][\n]"
2023-01-16 17:51:06 DEBUG wire:73 -  << "Strict-Transport-Security: max-age=31536000 ; includeSubDomains[\r][\n]"
2023-01-16 17:51:06 DEBUG wire:73 -  << "X-Frame-Options: DENY[\r][\n]"
2023-01-16 17:51:06 DEBUG wire:73 -  << "Server: Server[\r][\n]"
2023-01-16 17:51:06 DEBUG wire:73 -  << "[\r][\n]"
2023-01-16 17:51:06 DEBUG DefaultClientConnection:259 - Receiving response: HTTP/1.1 200 OK
2023-01-16 17:51:06 DEBUG headers:262 - << HTTP/1.1 200 OK
2023-01-16 17:51:06 DEBUG headers:265 - << Date: Mon, 16 Jan 2023 22:51:12 GMT
2023-01-16 17:51:06 DEBUG headers:265 - << Content-Type: application/json;charset=UTF-8
2023-01-16 17:51:06 DEBUG headers:265 - << Transfer-Encoding: chunked
2023-01-16 17:51:06 DEBUG headers:265 - << Connection: keep-alive
2023-01-16 17:51:06 DEBUG headers:265 - << Set-Cookie: XSRF-TOKEN=d4ce7a21-a6c2-4a5a-9eea-bec0e769cc6b; Path=/; Secure; HttpOnly; SameSite=Lax
2023-01-16 17:51:06 DEBUG headers:265 - << x-amz-cognito-request-id: afbf3820-92ec-4535-8d01-fe06f3f472b5
2023-01-16 17:51:06 DEBUG headers:265 - << X-Content-Type-Options: nosniff
2023-01-16 17:51:06 DEBUG headers:265 - << X-XSS-Protection: 1; mode=block
2023-01-16 17:51:06 DEBUG headers:265 - << Cache-Control: no-cache, no-store, max-age=0, must-revalidate
2023-01-16 17:51:06 DEBUG headers:265 - << Pragma: no-cache
2023-01-16 17:51:06 DEBUG headers:265 - << Expires: 0
2023-01-16 17:51:06 DEBUG headers:265 - << Strict-Transport-Security: max-age=31536000 ; includeSubDomains
2023-01-16 17:51:06 DEBUG headers:265 - << X-Frame-Options: DENY
2023-01-16 17:51:06 DEBUG headers:265 - << Server: Server
2023-01-16 17:51:06 DEBUG DefaultHttpClient:509 - Connection can be kept alive indefinitely
2023-01-16 17:51:06 DEBUG RequestSpecificationImpl$RestAssuredHttpBuilder:545 - Parsing response as: application/json;charset=UTF-8
2023-01-16 17:51:06 DEBUG RequestSpecificationImpl$RestAssuredHttpBuilder:548 - Parsed data to instance of: class org.apache.http.conn.EofSensorInputStream
2023-01-16 17:51:06 INFO  TestUtils:41 - Getting Response Code
2023-01-16 17:51:06 INFO  TestUtils:43 - Status Code: 200
2023-01-16 17:51:06 INFO  TestUtils:22 - Env Name: stage
2023-01-16 17:51:06 INFO  TestUtils:22 - Env Name: stage
2023-01-16 17:51:06 INFO  TestUtils:22 - Env Name: stage
2023-01-16 17:51:06 INFO  TestUtils:22 - Env Name: stage
2023-01-16 17:51:06 INFO  TestUtils:22 - Env Name: stage
2023-01-16 17:51:06 INFO  Base:27 - End Point : /oauth2/token
2023-01-16 17:51:06 DEBUG BasicClientConnectionManager:161 - Get connection for route {s}->https://izaan-test.auth.us-east-1.amazoncognito.com:443
2023-01-16 17:51:06 DEBUG DefaultClientConnectionOperator:177 - Connecting to izaan-test.auth.us-east-1.amazoncognito.com:443
2023-01-16 17:51:06 DEBUG DefaultClientConnection:180 - Connection 0.0.0.0:49909<->34.205.148.118:443 closed
2023-01-16 17:51:06 DEBUG RequestAddCookies:123 - CookieSpec selected: ignoreCookies
2023-01-16 17:51:06 DEBUG RequestAuthCache:77 - Auth cache not set in the context
2023-01-16 17:51:06 DEBUG RequestProxyAuthentication:89 - Proxy auth state: UNCHALLENGED
2023-01-16 17:51:06 DEBUG DefaultHttpClient:682 - Attempt 1 to execute request
2023-01-16 17:51:06 DEBUG DefaultClientConnection:274 - Sending request: POST /oauth2/token HTTP/1.1
2023-01-16 17:51:06 DEBUG wire:73 -  >> "POST /oauth2/token HTTP/1.1[\r][\n]"
2023-01-16 17:51:06 DEBUG wire:73 -  >> "Authorization: Basic MXU1aW80dmE5c3I0NW43OWZjZWcyZGFtamY6MXFia3RodnA3bGJjN2FhdnVoaG1mZzhmMmNyZWtvcjloMmg3YWJ1Mm9ydTFubHBqNzFmZQ==[\r][\n]"
2023-01-16 17:51:06 DEBUG wire:73 -  >> "Accept: */*[\r][\n]"
2023-01-16 17:51:06 DEBUG wire:73 -  >> "Content-Type: application/x-www-form-urlencoded; charset=ISO-8859-1[\r][\n]"
2023-01-16 17:51:06 DEBUG wire:73 -  >> "Content-Length: 58[\r][\n]"
2023-01-16 17:51:06 DEBUG wire:73 -  >> "Host: izaan-test.auth.us-east-1.amazoncognito.com[\r][\n]"
2023-01-16 17:51:06 DEBUG wire:73 -  >> "Connection: Keep-Alive[\r][\n]"
2023-01-16 17:51:06 DEBUG wire:73 -  >> "User-Agent: Apache-HttpClient/4.5.3 (Java/1.8.0_341)[\r][\n]"
2023-01-16 17:51:06 DEBUG wire:73 -  >> "Accept-Encoding: gzip,deflate[\r][\n]"
2023-01-16 17:51:06 DEBUG wire:73 -  >> "[\r][\n]"
2023-01-16 17:51:06 DEBUG headers:278 - >> POST /oauth2/token HTTP/1.1
2023-01-16 17:51:06 DEBUG headers:281 - >> Authorization: Basic MXU1aW80dmE5c3I0NW43OWZjZWcyZGFtamY6MXFia3RodnA3bGJjN2FhdnVoaG1mZzhmMmNyZWtvcjloMmg3YWJ1Mm9ydTFubHBqNzFmZQ==
2023-01-16 17:51:06 DEBUG headers:281 - >> Accept: */*
2023-01-16 17:51:06 DEBUG headers:281 - >> Content-Type: application/x-www-form-urlencoded; charset=ISO-8859-1
2023-01-16 17:51:06 DEBUG headers:281 - >> Content-Length: 58
2023-01-16 17:51:06 DEBUG headers:281 - >> Host: izaan-test.auth.us-east-1.amazoncognito.com
2023-01-16 17:51:06 DEBUG headers:281 - >> Connection: Keep-Alive
2023-01-16 17:51:06 DEBUG headers:281 - >> User-Agent: Apache-HttpClient/4.5.3 (Java/1.8.0_341)
2023-01-16 17:51:06 DEBUG headers:281 - >> Accept-Encoding: gzip,deflate
2023-01-16 17:51:06 DEBUG wire:87 -  >> "grant_type=client_credentials&scope=izaan_test%2Fpost_info"
2023-01-16 17:51:06 DEBUG wire:73 -  << "HTTP/1.1 200 OK[\r][\n]"
2023-01-16 17:51:06 DEBUG wire:73 -  << "Date: Mon, 16 Jan 2023 22:51:12 GMT[\r][\n]"
2023-01-16 17:51:06 DEBUG wire:73 -  << "Content-Type: application/json;charset=UTF-8[\r][\n]"
2023-01-16 17:51:06 DEBUG wire:73 -  << "Transfer-Encoding: chunked[\r][\n]"
2023-01-16 17:51:06 DEBUG wire:73 -  << "Connection: keep-alive[\r][\n]"
2023-01-16 17:51:06 DEBUG wire:73 -  << "Set-Cookie: XSRF-TOKEN=801026ef-9b81-4be4-b250-c583516917ea; Path=/; Secure; HttpOnly; SameSite=Lax[\r][\n]"
2023-01-16 17:51:06 DEBUG wire:73 -  << "x-amz-cognito-request-id: 948f6fc1-a420-4f70-b961-1f6225ea99f8[\r][\n]"
2023-01-16 17:51:06 DEBUG wire:73 -  << "X-Content-Type-Options: nosniff[\r][\n]"
2023-01-16 17:51:06 DEBUG wire:73 -  << "X-XSS-Protection: 1; mode=block[\r][\n]"
2023-01-16 17:51:06 DEBUG wire:73 -  << "Cache-Control: no-cache, no-store, max-age=0, must-revalidate[\r][\n]"
2023-01-16 17:51:06 DEBUG wire:73 -  << "Pragma: no-cache[\r][\n]"
2023-01-16 17:51:06 DEBUG wire:73 -  << "Expires: 0[\r][\n]"
2023-01-16 17:51:06 DEBUG wire:73 -  << "Strict-Transport-Security: max-age=31536000 ; includeSubDomains[\r][\n]"
2023-01-16 17:51:06 DEBUG wire:73 -  << "X-Frame-Options: DENY[\r][\n]"
2023-01-16 17:51:06 DEBUG wire:73 -  << "Server: Server[\r][\n]"
2023-01-16 17:51:06 DEBUG wire:73 -  << "[\r][\n]"
2023-01-16 17:51:06 DEBUG DefaultClientConnection:259 - Receiving response: HTTP/1.1 200 OK
2023-01-16 17:51:06 DEBUG headers:262 - << HTTP/1.1 200 OK
2023-01-16 17:51:06 DEBUG headers:265 - << Date: Mon, 16 Jan 2023 22:51:12 GMT
2023-01-16 17:51:06 DEBUG headers:265 - << Content-Type: application/json;charset=UTF-8
2023-01-16 17:51:06 DEBUG headers:265 - << Transfer-Encoding: chunked
2023-01-16 17:51:06 DEBUG headers:265 - << Connection: keep-alive
2023-01-16 17:51:06 DEBUG headers:265 - << Set-Cookie: XSRF-TOKEN=801026ef-9b81-4be4-b250-c583516917ea; Path=/; Secure; HttpOnly; SameSite=Lax
2023-01-16 17:51:06 DEBUG headers:265 - << x-amz-cognito-request-id: 948f6fc1-a420-4f70-b961-1f6225ea99f8
2023-01-16 17:51:06 DEBUG headers:265 - << X-Content-Type-Options: nosniff
2023-01-16 17:51:06 DEBUG headers:265 - << X-XSS-Protection: 1; mode=block
2023-01-16 17:51:06 DEBUG headers:265 - << Cache-Control: no-cache, no-store, max-age=0, must-revalidate
2023-01-16 17:51:06 DEBUG headers:265 - << Pragma: no-cache
2023-01-16 17:51:06 DEBUG headers:265 - << Expires: 0
2023-01-16 17:51:06 DEBUG headers:265 - << Strict-Transport-Security: max-age=31536000 ; includeSubDomains
2023-01-16 17:51:06 DEBUG headers:265 - << X-Frame-Options: DENY
2023-01-16 17:51:06 DEBUG headers:265 - << Server: Server
2023-01-16 17:51:06 DEBUG DefaultHttpClient:509 - Connection can be kept alive indefinitely
2023-01-16 17:51:06 DEBUG RequestSpecificationImpl$RestAssuredHttpBuilder:545 - Parsing response as: application/json;charset=UTF-8
2023-01-16 17:51:06 DEBUG RequestSpecificationImpl$RestAssuredHttpBuilder:548 - Parsed data to instance of: class org.apache.http.conn.EofSensorInputStream
2023-01-16 17:51:06 INFO  TestUtils:66 - Getting an attribute value from Response body
2023-01-16 17:51:06 DEBUG wire:73 -  << "398[\r][\n]"
2023-01-16 17:51:06 DEBUG wire:87 -  << "{"access_token":"eyJraWQiOiJtNlhhM3FkczlxY2o2ODZYOVBRb0JqTEJSQU5yMzBPZ21ZQzdvdThZc1N3PSIsImFsZyI6IlJTMjU2In0.eyJzdWIiOiIxdTVpbzR2YTlzcjQ1bjc5ZmNlZzJkYW1qZiIsInRva2VuX3VzZSI6ImFjY2VzcyIsInNjb3BlIjoiaXphYW5fdGVzdFwvcG9zdF9pbmZvIiwiYXV0aF90aW1lIjoxNjczOTA5NDcyLCJpc3MiOiJodHRwczpcL1wvY29nbml0by1pZHAudXMtZWFzdC0xLmFtYXpvbmF3cy5jb21cL3VzLWVhc3QtMV9ZN3k4cTVDMVoiLCJleHAiOjE2NzM5MTMwNzIsImlhdCI6MTY3MzkwOTQ3MiwidmVyc2lvbiI6MiwianRpIjoiYjA5ZWMyYzYtYjEyZC00YWMyLWE1YzktMjliMjliNTkyYWI0IiwiY2xpZW50X2lkIjoiMXU1aW80dmE5c3I0NW43OWZjZWcyZGFtamYifQ.djSLpnNanfGXC7biC3FY5AGiCXI_d3xhvKot4aq9BhDhP3lV9ETwI2nJD7tEZCDsMrIuVtdvat2wU5Iqrdd2cxBy1p3pbcsW2PQclvy7yg-OSAGgJO8I_uXNIBR5Ti3iQQkKDLpxL2wJOrtYwLpgIXOsUTTluvvroG_XgV4Q4s1D3J1E8o8Zcgq-cNV_gaAxJ2KLSs7Mkks0Ct24y4rO9R8UqZ6p2UyT5BSWkknObud828uy3clUbI4lT8lTkMMgKuNCWUI2SuakzTKC2AKQl0aEDzsq04F_SnLtDDQTY-HLDFRRP-2qf9VNxPIdHnybZpaJyl4EE8cIyVGQpyxNQw","expires_in":3600,"token_type":"Bearer"}"
2023-01-16 17:51:06 DEBUG wire:73 -  << "[\r][\n]"
2023-01-16 17:51:06 DEBUG wire:73 -  << "0[\r][\n]"
2023-01-16 17:51:06 DEBUG wire:73 -  << "[\r][\n]"
2023-01-16 17:51:06 DEBUG BasicClientConnectionManager:200 - Releasing connection org.apache.http.impl.conn.ManagedClientConnectionImpl@1624c7
2023-01-16 17:51:06 DEBUG BasicClientConnectionManager:225 - Connection can be kept alive indefinitely
2023-01-16 17:51:06 DEBUG TestUtils:69 - access_token: eyJraWQiOiJtNlhhM3FkczlxY2o2ODZYOVBRb0JqTEJSQU5yMzBPZ21ZQzdvdThZc1N3PSIsImFsZyI6IlJTMjU2In0.eyJzdWIiOiIxdTVpbzR2YTlzcjQ1bjc5ZmNlZzJkYW1qZiIsInRva2VuX3VzZSI6ImFjY2VzcyIsInNjb3BlIjoiaXphYW5fdGVzdFwvcG9zdF9pbmZvIiwiYXV0aF90aW1lIjoxNjczOTA5NDcyLCJpc3MiOiJodHRwczpcL1wvY29nbml0by1pZHAudXMtZWFzdC0xLmFtYXpvbmF3cy5jb21cL3VzLWVhc3QtMV9ZN3k4cTVDMVoiLCJleHAiOjE2NzM5MTMwNzIsImlhdCI6MTY3MzkwOTQ3MiwidmVyc2lvbiI6MiwianRpIjoiYjA5ZWMyYzYtYjEyZC00YWMyLWE1YzktMjliMjliNTkyYWI0IiwiY2xpZW50X2lkIjoiMXU1aW80dmE5c3I0NW43OWZjZWcyZGFtamYifQ.djSLpnNanfGXC7biC3FY5AGiCXI_d3xhvKot4aq9BhDhP3lV9ETwI2nJD7tEZCDsMrIuVtdvat2wU5Iqrdd2cxBy1p3pbcsW2PQclvy7yg-OSAGgJO8I_uXNIBR5Ti3iQQkKDLpxL2wJOrtYwLpgIXOsUTTluvvroG_XgV4Q4s1D3J1E8o8Zcgq-cNV_gaAxJ2KLSs7Mkks0Ct24y4rO9R8UqZ6p2UyT5BSWkknObud828uy3clUbI4lT8lTkMMgKuNCWUI2SuakzTKC2AKQl0aEDzsq04F_SnLtDDQTY-HLDFRRP-2qf9VNxPIdHnybZpaJyl4EE8cIyVGQpyxNQw
2023-01-16 17:51:06 INFO  TestUtils:22 - Env Name: stage
2023-01-16 17:51:06 INFO  TestUtils:22 - Env Name: stage
2023-01-16 17:51:06 INFO  TestUtils:22 - Env Name: stage
2023-01-16 17:51:06 INFO  TestUtils:22 - Env Name: stage
2023-01-16 17:51:06 INFO  TestUtils:22 - Env Name: stage
2023-01-16 17:51:06 INFO  Base:27 - End Point : /oauth2/token
2023-01-16 17:51:06 DEBUG BasicClientConnectionManager:161 - Get connection for route {s}->https://izaan-test.auth.us-east-1.amazoncognito.com:443
2023-01-16 17:51:06 DEBUG DefaultClientConnectionOperator:177 - Connecting to izaan-test.auth.us-east-1.amazoncognito.com:443
2023-01-16 17:51:07 DEBUG RequestAddCookies:123 - CookieSpec selected: ignoreCookies
2023-01-16 17:51:07 DEBUG RequestAuthCache:77 - Auth cache not set in the context
2023-01-16 17:51:07 DEBUG RequestProxyAuthentication:89 - Proxy auth state: UNCHALLENGED
2023-01-16 17:51:07 DEBUG DefaultHttpClient:682 - Attempt 1 to execute request
2023-01-16 17:51:07 DEBUG DefaultClientConnection:274 - Sending request: POST /oauth2/token HTTP/1.1
2023-01-16 17:51:07 DEBUG wire:73 -  >> "POST /oauth2/token HTTP/1.1[\r][\n]"
2023-01-16 17:51:07 DEBUG wire:73 -  >> "Authorization: Basic MXU1aW80dmE5c3I0NW43OWZjZWcyZGFtamY6MXFia3RodnA3bGJjN2FhdnVoaG1mZzhmMmNyZWtvcjloMmg3YWJ1Mm9ydTFubHBqNzFmZQ==[\r][\n]"
2023-01-16 17:51:07 DEBUG wire:73 -  >> "Accept: */*[\r][\n]"
2023-01-16 17:51:07 DEBUG wire:73 -  >> "Content-Type: application/x-www-form-urlencoded; charset=ISO-8859-1[\r][\n]"
2023-01-16 17:51:07 DEBUG wire:73 -  >> "Content-Length: 58[\r][\n]"
2023-01-16 17:51:07 DEBUG wire:73 -  >> "Host: izaan-test.auth.us-east-1.amazoncognito.com[\r][\n]"
2023-01-16 17:51:07 DEBUG wire:73 -  >> "Connection: Keep-Alive[\r][\n]"
2023-01-16 17:51:07 DEBUG wire:73 -  >> "User-Agent: Apache-HttpClient/4.5.3 (Java/1.8.0_341)[\r][\n]"
2023-01-16 17:51:07 DEBUG wire:73 -  >> "Accept-Encoding: gzip,deflate[\r][\n]"
2023-01-16 17:51:07 DEBUG wire:73 -  >> "[\r][\n]"
2023-01-16 17:51:07 DEBUG headers:278 - >> POST /oauth2/token HTTP/1.1
2023-01-16 17:51:07 DEBUG headers:281 - >> Authorization: Basic MXU1aW80dmE5c3I0NW43OWZjZWcyZGFtamY6MXFia3RodnA3bGJjN2FhdnVoaG1mZzhmMmNyZWtvcjloMmg3YWJ1Mm9ydTFubHBqNzFmZQ==
2023-01-16 17:51:07 DEBUG headers:281 - >> Accept: */*
2023-01-16 17:51:07 DEBUG headers:281 - >> Content-Type: application/x-www-form-urlencoded; charset=ISO-8859-1
2023-01-16 17:51:07 DEBUG headers:281 - >> Content-Length: 58
2023-01-16 17:51:07 DEBUG headers:281 - >> Host: izaan-test.auth.us-east-1.amazoncognito.com
2023-01-16 17:51:07 DEBUG headers:281 - >> Connection: Keep-Alive
2023-01-16 17:51:07 DEBUG headers:281 - >> User-Agent: Apache-HttpClient/4.5.3 (Java/1.8.0_341)
2023-01-16 17:51:07 DEBUG headers:281 - >> Accept-Encoding: gzip,deflate
2023-01-16 17:51:07 DEBUG wire:87 -  >> "grant_type=client_credentials&scope=izaan_test%2Fpost_info"
2023-01-16 17:51:07 DEBUG wire:73 -  << "HTTP/1.1 200 OK[\r][\n]"
2023-01-16 17:51:07 DEBUG wire:73 -  << "Date: Mon, 16 Jan 2023 22:51:12 GMT[\r][\n]"
2023-01-16 17:51:07 DEBUG wire:73 -  << "Content-Type: application/json;charset=UTF-8[\r][\n]"
2023-01-16 17:51:07 DEBUG wire:73 -  << "Transfer-Encoding: chunked[\r][\n]"
2023-01-16 17:51:07 DEBUG wire:73 -  << "Connection: keep-alive[\r][\n]"
2023-01-16 17:51:07 DEBUG wire:73 -  << "Set-Cookie: XSRF-TOKEN=6198a230-de6f-44e9-a048-1990f8dd69a3; Path=/; Secure; HttpOnly; SameSite=Lax[\r][\n]"
2023-01-16 17:51:07 DEBUG wire:73 -  << "x-amz-cognito-request-id: c46f1371-30b0-4e1f-a4fe-cba53e4f6526[\r][\n]"
2023-01-16 17:51:07 DEBUG wire:73 -  << "X-Content-Type-Options: nosniff[\r][\n]"
2023-01-16 17:51:07 DEBUG wire:73 -  << "X-XSS-Protection: 1; mode=block[\r][\n]"
2023-01-16 17:51:07 DEBUG wire:73 -  << "Cache-Control: no-cache, no-store, max-age=0, must-revalidate[\r][\n]"
2023-01-16 17:51:07 DEBUG wire:73 -  << "Pragma: no-cache[\r][\n]"
2023-01-16 17:51:07 DEBUG wire:73 -  << "Expires: 0[\r][\n]"
2023-01-16 17:51:07 DEBUG wire:73 -  << "Strict-Transport-Security: max-age=31536000 ; includeSubDomains[\r][\n]"
2023-01-16 17:51:07 DEBUG wire:73 -  << "X-Frame-Options: DENY[\r][\n]"
2023-01-16 17:51:07 DEBUG wire:73 -  << "Server: Server[\r][\n]"
2023-01-16 17:51:07 DEBUG wire:73 -  << "[\r][\n]"
2023-01-16 17:51:07 DEBUG DefaultClientConnection:259 - Receiving response: HTTP/1.1 200 OK
2023-01-16 17:51:07 DEBUG headers:262 - << HTTP/1.1 200 OK
2023-01-16 17:51:07 DEBUG headers:265 - << Date: Mon, 16 Jan 2023 22:51:12 GMT
2023-01-16 17:51:07 DEBUG headers:265 - << Content-Type: application/json;charset=UTF-8
2023-01-16 17:51:07 DEBUG headers:265 - << Transfer-Encoding: chunked
2023-01-16 17:51:07 DEBUG headers:265 - << Connection: keep-alive
2023-01-16 17:51:07 DEBUG headers:265 - << Set-Cookie: XSRF-TOKEN=6198a230-de6f-44e9-a048-1990f8dd69a3; Path=/; Secure; HttpOnly; SameSite=Lax
2023-01-16 17:51:07 DEBUG headers:265 - << x-amz-cognito-request-id: c46f1371-30b0-4e1f-a4fe-cba53e4f6526
2023-01-16 17:51:07 DEBUG headers:265 - << X-Content-Type-Options: nosniff
2023-01-16 17:51:07 DEBUG headers:265 - << X-XSS-Protection: 1; mode=block
2023-01-16 17:51:07 DEBUG headers:265 - << Cache-Control: no-cache, no-store, max-age=0, must-revalidate
2023-01-16 17:51:07 DEBUG headers:265 - << Pragma: no-cache
2023-01-16 17:51:07 DEBUG headers:265 - << Expires: 0
2023-01-16 17:51:07 DEBUG headers:265 - << Strict-Transport-Security: max-age=31536000 ; includeSubDomains
2023-01-16 17:51:07 DEBUG headers:265 - << X-Frame-Options: DENY
2023-01-16 17:51:07 DEBUG headers:265 - << Server: Server
2023-01-16 17:51:07 DEBUG DefaultHttpClient:509 - Connection can be kept alive indefinitely
2023-01-16 17:51:07 DEBUG RequestSpecificationImpl$RestAssuredHttpBuilder:545 - Parsing response as: application/json;charset=UTF-8
2023-01-16 17:51:07 DEBUG RequestSpecificationImpl$RestAssuredHttpBuilder:548 - Parsed data to instance of: class org.apache.http.conn.EofSensorInputStream
2023-01-16 17:51:07 DEBUG wire:73 -  << "398[\r][\n]"
2023-01-16 17:51:07 DEBUG wire:87 -  << "{"access_token":"eyJraWQiOiJtNlhhM3FkczlxY2o2ODZYOVBRb0JqTEJSQU5yMzBPZ21ZQzdvdThZc1N3PSIsImFsZyI6IlJTMjU2In0.eyJzdWIiOiIxdTVpbzR2YTlzcjQ1bjc5ZmNlZzJkYW1qZiIsInRva2VuX3VzZSI6ImFjY2VzcyIsInNjb3BlIjoiaXphYW5fdGVzdFwvcG9zdF9pbmZvIiwiYXV0aF90aW1lIjoxNjczOTA5NDcyLCJpc3MiOiJodHRwczpcL1wvY29nbml0by1pZHAudXMtZWFzdC0xLmFtYXpvbmF3cy5jb21cL3VzLWVhc3QtMV9ZN3k4cTVDMVoiLCJleHAiOjE2NzM5MTMwNzIsImlhdCI6MTY3MzkwOTQ3MiwidmVyc2lvbiI6MiwianRpIjoiYWFkMmRjMzgtYmUwMi00MTg1LThjMDMtNTVhNTUwYjE4YTdjIiwiY2xpZW50X2lkIjoiMXU1aW80dmE5c3I0NW43OWZjZWcyZGFtamYifQ.NiqQz1e63m40qr5j9atmokK_RUzQALCffjrwj0sXSAG9tkP-DCbQZEjtzsQbRSHjFC1XbRm1TuOw4cwBVm2aK_BTZLzBKpETvjaSfqFl15detLQo2__LfJoCMi-pt9sIGBuAlSklRfBto5kpJfO1H5QY1Ww8I3ngUg63dmMaABb7sXLAcmgecMFHvofIRB9lozQ_gqpfNB4WwleY2S77cKbxPSJrjyRYJgx_H63LcQzscMDL1JidbunZTo5_zrFFlyhMd-nY01Otzkzs6Gfn1LB7vJafOXWZwkq1kdbv7f4YAaRHbWujCIIGFpcMFYeivW4eM2cTFCX1tiMjv1NgVw","expires_in":3600,"token_type":"Bearer"}"
2023-01-16 17:51:07 DEBUG wire:73 -  << "[\r][\n]"
2023-01-16 17:51:07 DEBUG wire:73 -  << "0[\r][\n]"
2023-01-16 17:51:07 DEBUG wire:73 -  << "[\r][\n]"
2023-01-16 17:51:07 DEBUG BasicClientConnectionManager:200 - Releasing connection org.apache.http.impl.conn.ManagedClientConnectionImpl@7c7bea
2023-01-16 17:51:07 DEBUG BasicClientConnectionManager:225 - Connection can be kept alive indefinitely
2023-01-16 17:51:07 INFO  TestUtils:22 - Env Name: stage
2023-01-16 17:51:07 INFO  Base:27 - End Point : /test/submit
2023-01-16 17:51:07 INFO  Base:122 - Inside POSTRequest call
2023-01-16 17:51:07 DEBUG BasicClientConnectionManager:161 - Get connection for route {s}->https://5x9m5ed0tj.execute-api.us-east-1.amazonaws.com:443
2023-01-16 17:51:07 DEBUG DefaultClientConnectionOperator:177 - Connecting to 5x9m5ed0tj.execute-api.us-east-1.amazonaws.com:443
2023-01-16 17:51:07 DEBUG RequestAddCookies:123 - CookieSpec selected: ignoreCookies
2023-01-16 17:51:07 DEBUG RequestAuthCache:77 - Auth cache not set in the context
2023-01-16 17:51:07 DEBUG RequestProxyAuthentication:89 - Proxy auth state: UNCHALLENGED
2023-01-16 17:51:07 DEBUG DefaultHttpClient:682 - Attempt 1 to execute request
2023-01-16 17:51:07 DEBUG DefaultClientConnection:274 - Sending request: POST /test/submit HTTP/1.1
2023-01-16 17:51:07 DEBUG wire:73 -  >> "POST /test/submit HTTP/1.1[\r][\n]"
2023-01-16 17:51:07 DEBUG wire:73 -  >> "Authorization: Bearer eyJraWQiOiJtNlhhM3FkczlxY2o2ODZYOVBRb0JqTEJSQU5yMzBPZ21ZQzdvdThZc1N3PSIsImFsZyI6IlJTMjU2In0.eyJzdWIiOiIxdTVpbzR2YTlzcjQ1bjc5ZmNlZzJkYW1qZiIsInRva2VuX3VzZSI6ImFjY2VzcyIsInNjb3BlIjoiaXphYW5fdGVzdFwvcG9zdF9pbmZvIiwiYXV0aF90aW1lIjoxNjczOTA5NDcyLCJpc3MiOiJodHRwczpcL1wvY29nbml0by1pZHAudXMtZWFzdC0xLmFtYXpvbmF3cy5jb21cL3VzLWVhc3QtMV9ZN3k4cTVDMVoiLCJleHAiOjE2NzM5MTMwNzIsImlhdCI6MTY3MzkwOTQ3MiwidmVyc2lvbiI6MiwianRpIjoiYWFkMmRjMzgtYmUwMi00MTg1LThjMDMtNTVhNTUwYjE4YTdjIiwiY2xpZW50X2lkIjoiMXU1aW80dmE5c3I0NW43OWZjZWcyZGFtamYifQ.NiqQz1e63m40qr5j9atmokK_RUzQALCffjrwj0sXSAG9tkP-DCbQZEjtzsQbRSHjFC1XbRm1TuOw4cwBVm2aK_BTZLzBKpETvjaSfqFl15detLQo2__LfJoCMi-pt9sIGBuAlSklRfBto5kpJfO1H5QY1Ww8I3ngUg63dmMaABb7sXLAcmgecMFHvofIRB9lozQ_gqpfNB4WwleY2S77cKbxPSJrjyRYJgx_H63LcQzscMDL1JidbunZTo5_zrFFlyhMd-nY01Otzkzs6Gfn1LB7vJafOXWZwkq1kdbv7f4YAaRHbWujCIIGFpcMFYeivW4eM2cTFCX1tiMjv1NgVw[\r][\n]"
2023-01-16 17:51:07 DEBUG wire:73 -  >> "Accept: */*[\r][\n]"
2023-01-16 17:51:07 DEBUG wire:73 -  >> "Content-Type: application/json; charset=UTF-8[\r][\n]"
2023-01-16 17:51:07 DEBUG wire:73 -  >> "Content-Length: 24[\r][\n]"
2023-01-16 17:51:07 DEBUG wire:73 -  >> "Host: 5x9m5ed0tj.execute-api.us-east-1.amazonaws.com[\r][\n]"
2023-01-16 17:51:07 DEBUG wire:73 -  >> "Connection: Keep-Alive[\r][\n]"
2023-01-16 17:51:07 DEBUG wire:73 -  >> "User-Agent: Apache-HttpClient/4.5.3 (Java/1.8.0_341)[\r][\n]"
2023-01-16 17:51:07 DEBUG wire:73 -  >> "Accept-Encoding: gzip,deflate[\r][\n]"
2023-01-16 17:51:07 DEBUG wire:73 -  >> "[\r][\n]"
2023-01-16 17:51:07 DEBUG headers:278 - >> POST /test/submit HTTP/1.1
2023-01-16 17:51:07 DEBUG headers:281 - >> Authorization: Bearer eyJraWQiOiJtNlhhM3FkczlxY2o2ODZYOVBRb0JqTEJSQU5yMzBPZ21ZQzdvdThZc1N3PSIsImFsZyI6IlJTMjU2In0.eyJzdWIiOiIxdTVpbzR2YTlzcjQ1bjc5ZmNlZzJkYW1qZiIsInRva2VuX3VzZSI6ImFjY2VzcyIsInNjb3BlIjoiaXphYW5fdGVzdFwvcG9zdF9pbmZvIiwiYXV0aF90aW1lIjoxNjczOTA5NDcyLCJpc3MiOiJodHRwczpcL1wvY29nbml0by1pZHAudXMtZWFzdC0xLmFtYXpvbmF3cy5jb21cL3VzLWVhc3QtMV9ZN3k4cTVDMVoiLCJleHAiOjE2NzM5MTMwNzIsImlhdCI6MTY3MzkwOTQ3MiwidmVyc2lvbiI6MiwianRpIjoiYWFkMmRjMzgtYmUwMi00MTg1LThjMDMtNTVhNTUwYjE4YTdjIiwiY2xpZW50X2lkIjoiMXU1aW80dmE5c3I0NW43OWZjZWcyZGFtamYifQ.NiqQz1e63m40qr5j9atmokK_RUzQALCffjrwj0sXSAG9tkP-DCbQZEjtzsQbRSHjFC1XbRm1TuOw4cwBVm2aK_BTZLzBKpETvjaSfqFl15detLQo2__LfJoCMi-pt9sIGBuAlSklRfBto5kpJfO1H5QY1Ww8I3ngUg63dmMaABb7sXLAcmgecMFHvofIRB9lozQ_gqpfNB4WwleY2S77cKbxPSJrjyRYJgx_H63LcQzscMDL1JidbunZTo5_zrFFlyhMd-nY01Otzkzs6Gfn1LB7vJafOXWZwkq1kdbv7f4YAaRHbWujCIIGFpcMFYeivW4eM2cTFCX1tiMjv1NgVw
2023-01-16 17:51:07 DEBUG headers:281 - >> Accept: */*
2023-01-16 17:51:07 DEBUG headers:281 - >> Content-Type: application/json; charset=UTF-8
2023-01-16 17:51:07 DEBUG headers:281 - >> Content-Length: 24
2023-01-16 17:51:07 DEBUG headers:281 - >> Host: 5x9m5ed0tj.execute-api.us-east-1.amazonaws.com
2023-01-16 17:51:07 DEBUG headers:281 - >> Connection: Keep-Alive
2023-01-16 17:51:07 DEBUG headers:281 - >> User-Agent: Apache-HttpClient/4.5.3 (Java/1.8.0_341)
2023-01-16 17:51:07 DEBUG headers:281 - >> Accept-Encoding: gzip,deflate
2023-01-16 17:51:07 DEBUG wire:87 -  >> "{"name":"John","age":16}"
2023-01-16 17:51:07 DEBUG wire:73 -  << "HTTP/1.1 200 OK[\r][\n]"
2023-01-16 17:51:07 DEBUG wire:73 -  << "Date: Mon, 16 Jan 2023 22:51:12 GMT[\r][\n]"
2023-01-16 17:51:07 DEBUG wire:73 -  << "Content-Type: application/json[\r][\n]"
2023-01-16 17:51:07 DEBUG wire:73 -  << "Content-Length: 29[\r][\n]"
2023-01-16 17:51:07 DEBUG wire:73 -  << "Connection: keep-alive[\r][\n]"
2023-01-16 17:51:07 DEBUG wire:73 -  << "x-amzn-RequestId: 81cca0df-7dc1-4d22-a744-2df6d9793ee6[\r][\n]"
2023-01-16 17:51:07 DEBUG wire:73 -  << "x-amz-apigw-id: e24zKHwzoAMFatw=[\r][\n]"
2023-01-16 17:51:07 DEBUG wire:73 -  << "X-Amzn-Trace-Id: Root=1-63c5d4e0-1d9d5ce521ef784d39f8c3e0;Sampled=0[\r][\n]"
2023-01-16 17:51:07 DEBUG wire:73 -  << "[\r][\n]"
2023-01-16 17:51:07 DEBUG DefaultClientConnection:259 - Receiving response: HTTP/1.1 200 OK
2023-01-16 17:51:07 DEBUG headers:262 - << HTTP/1.1 200 OK
2023-01-16 17:51:07 DEBUG headers:265 - << Date: Mon, 16 Jan 2023 22:51:12 GMT
2023-01-16 17:51:07 DEBUG headers:265 - << Content-Type: application/json
2023-01-16 17:51:07 DEBUG headers:265 - << Content-Length: 29
2023-01-16 17:51:07 DEBUG headers:265 - << Connection: keep-alive
2023-01-16 17:51:07 DEBUG headers:265 - << x-amzn-RequestId: 81cca0df-7dc1-4d22-a744-2df6d9793ee6
2023-01-16 17:51:07 DEBUG headers:265 - << x-amz-apigw-id: e24zKHwzoAMFatw=
2023-01-16 17:51:07 DEBUG headers:265 - << X-Amzn-Trace-Id: Root=1-63c5d4e0-1d9d5ce521ef784d39f8c3e0;Sampled=0
2023-01-16 17:51:07 DEBUG DefaultHttpClient:509 - Connection can be kept alive indefinitely
2023-01-16 17:51:07 DEBUG RequestSpecificationImpl$RestAssuredHttpBuilder:545 - Parsing response as: application/json
2023-01-16 17:51:07 DEBUG RequestSpecificationImpl$RestAssuredHttpBuilder:548 - Parsed data to instance of: class org.apache.http.conn.EofSensorInputStream
2023-01-16 17:51:07 DEBUG Base:127 - io.restassured.internal.RequestSpecificationImpl@1528a22
2023-01-16 17:51:07 INFO  SubmitResourceAssertion:17 - Assertions to verify if the resource has been submitted
2023-01-16 17:51:07 INFO  TestUtils:41 - Getting Response Code
2023-01-16 17:51:07 INFO  TestUtils:43 - Status Code: 200
2023-01-16 17:51:07 INFO  TestUtils:87 - Getting an attribute value from a JSON file
2023-01-16 17:51:07 DEBUG DefaultClientConnection:180 - Connection 0.0.0.0:49910<->34.205.148.118:443 closed
2023-01-16 17:51:07 DEBUG DefaultClientConnection:180 - Connection 0.0.0.0:49911<->34.205.148.118:443 closed
2023-01-16 17:51:07 DEBUG TestUtils:91 - age: 16
2023-01-16 17:51:07 INFO  TestUtils:66 - Getting an attribute value from Response body
2023-01-16 17:51:07 DEBUG wire:87 -  << "{"message": "You are Minor."}"
2023-01-16 17:51:07 DEBUG BasicClientConnectionManager:200 - Releasing connection org.apache.http.impl.conn.ManagedClientConnectionImpl@1e33bac
2023-01-16 17:51:07 DEBUG BasicClientConnectionManager:225 - Connection can be kept alive indefinitely
2023-01-16 17:51:07 DEBUG TestUtils:69 - message: You are Minor.
2023-01-16 17:51:07 INFO  SubmitResource:24 - Making a post call to submit a resource
2023-01-16 17:51:07 INFO  TestUtils:22 - Env Name: stage
2023-01-16 17:51:07 INFO  GetToken:16 - Get a bearer token for the user
2023-01-16 17:51:07 INFO  TestUtils:22 - Env Name: stage
2023-01-16 17:51:07 INFO  TestUtils:22 - Env Name: stage
2023-01-16 17:51:07 INFO  TestUtils:22 - Env Name: stage
2023-01-16 17:51:07 INFO  TestUtils:22 - Env Name: stage
2023-01-16 17:51:07 INFO  TestUtils:22 - Env Name: stage
2023-01-16 17:51:07 INFO  Base:27 - End Point : /oauth2/token
2023-01-16 17:51:07 DEBUG BasicClientConnectionManager:161 - Get connection for route {s}->https://izaan-test.auth.us-east-1.amazoncognito.com:443
2023-01-16 17:51:07 DEBUG DefaultClientConnectionOperator:177 - Connecting to izaan-test.auth.us-east-1.amazoncognito.com:443
2023-01-16 17:51:07 DEBUG RequestAddCookies:123 - CookieSpec selected: ignoreCookies
2023-01-16 17:51:07 DEBUG RequestAuthCache:77 - Auth cache not set in the context
2023-01-16 17:51:07 DEBUG RequestProxyAuthentication:89 - Proxy auth state: UNCHALLENGED
2023-01-16 17:51:07 DEBUG DefaultHttpClient:682 - Attempt 1 to execute request
2023-01-16 17:51:07 DEBUG DefaultClientConnection:274 - Sending request: POST /oauth2/token HTTP/1.1
2023-01-16 17:51:07 DEBUG wire:73 -  >> "POST /oauth2/token HTTP/1.1[\r][\n]"
2023-01-16 17:51:07 DEBUG wire:73 -  >> "Authorization: Basic MXU1aW80dmE5c3I0NW43OWZjZWcyZGFtamY6MXFia3RodnA3bGJjN2FhdnVoaG1mZzhmMmNyZWtvcjloMmg3YWJ1Mm9ydTFubHBqNzFmZQ==[\r][\n]"
2023-01-16 17:51:07 DEBUG wire:73 -  >> "Accept: */*[\r][\n]"
2023-01-16 17:51:07 DEBUG wire:73 -  >> "Content-Type: application/x-www-form-urlencoded; charset=ISO-8859-1[\r][\n]"
2023-01-16 17:51:07 DEBUG wire:73 -  >> "Content-Length: 58[\r][\n]"
2023-01-16 17:51:07 DEBUG wire:73 -  >> "Host: izaan-test.auth.us-east-1.amazoncognito.com[\r][\n]"
2023-01-16 17:51:07 DEBUG wire:73 -  >> "Connection: Keep-Alive[\r][\n]"
2023-01-16 17:51:07 DEBUG wire:73 -  >> "User-Agent: Apache-HttpClient/4.5.3 (Java/1.8.0_341)[\r][\n]"
2023-01-16 17:51:07 DEBUG wire:73 -  >> "Accept-Encoding: gzip,deflate[\r][\n]"
2023-01-16 17:51:07 DEBUG wire:73 -  >> "[\r][\n]"
2023-01-16 17:51:07 DEBUG headers:278 - >> POST /oauth2/token HTTP/1.1
2023-01-16 17:51:07 DEBUG headers:281 - >> Authorization: Basic MXU1aW80dmE5c3I0NW43OWZjZWcyZGFtamY6MXFia3RodnA3bGJjN2FhdnVoaG1mZzhmMmNyZWtvcjloMmg3YWJ1Mm9ydTFubHBqNzFmZQ==
2023-01-16 17:51:07 DEBUG headers:281 - >> Accept: */*
2023-01-16 17:51:07 DEBUG headers:281 - >> Content-Type: application/x-www-form-urlencoded; charset=ISO-8859-1
2023-01-16 17:51:07 DEBUG headers:281 - >> Content-Length: 58
2023-01-16 17:51:07 DEBUG headers:281 - >> Host: izaan-test.auth.us-east-1.amazoncognito.com
2023-01-16 17:51:07 DEBUG headers:281 - >> Connection: Keep-Alive
2023-01-16 17:51:07 DEBUG headers:281 - >> User-Agent: Apache-HttpClient/4.5.3 (Java/1.8.0_341)
2023-01-16 17:51:07 DEBUG headers:281 - >> Accept-Encoding: gzip,deflate
2023-01-16 17:51:07 DEBUG wire:87 -  >> "grant_type=client_credentials&scope=izaan_test%2Fpost_info"
2023-01-16 17:51:07 DEBUG wire:73 -  << "HTTP/1.1 200 OK[\r][\n]"
2023-01-16 17:51:07 DEBUG wire:73 -  << "Date: Mon, 16 Jan 2023 22:51:13 GMT[\r][\n]"
2023-01-16 17:51:07 DEBUG wire:73 -  << "Content-Type: application/json;charset=UTF-8[\r][\n]"
2023-01-16 17:51:07 DEBUG wire:73 -  << "Transfer-Encoding: chunked[\r][\n]"
2023-01-16 17:51:07 DEBUG wire:73 -  << "Connection: keep-alive[\r][\n]"
2023-01-16 17:51:07 DEBUG wire:73 -  << "Set-Cookie: XSRF-TOKEN=e3b065d6-32a4-49ac-a7d9-fa69d97fd97d; Path=/; Secure; HttpOnly; SameSite=Lax[\r][\n]"
2023-01-16 17:51:07 DEBUG wire:73 -  << "x-amz-cognito-request-id: af90146d-3c7c-4146-9b05-972d3bbedbd2[\r][\n]"
2023-01-16 17:51:07 DEBUG wire:73 -  << "X-Content-Type-Options: nosniff[\r][\n]"
2023-01-16 17:51:07 DEBUG wire:73 -  << "X-XSS-Protection: 1; mode=block[\r][\n]"
2023-01-16 17:51:07 DEBUG wire:73 -  << "Cache-Control: no-cache, no-store, max-age=0, must-revalidate[\r][\n]"
2023-01-16 17:51:07 DEBUG wire:73 -  << "Pragma: no-cache[\r][\n]"
2023-01-16 17:51:07 DEBUG wire:73 -  << "Expires: 0[\r][\n]"
2023-01-16 17:51:07 DEBUG wire:73 -  << "Strict-Transport-Security: max-age=31536000 ; includeSubDomains[\r][\n]"
2023-01-16 17:51:07 DEBUG wire:73 -  << "X-Frame-Options: DENY[\r][\n]"
2023-01-16 17:51:07 DEBUG wire:73 -  << "Server: Server[\r][\n]"
2023-01-16 17:51:07 DEBUG wire:73 -  << "[\r][\n]"
2023-01-16 17:51:07 DEBUG DefaultClientConnection:259 - Receiving response: HTTP/1.1 200 OK
2023-01-16 17:51:07 DEBUG headers:262 - << HTTP/1.1 200 OK
2023-01-16 17:51:07 DEBUG headers:265 - << Date: Mon, 16 Jan 2023 22:51:13 GMT
2023-01-16 17:51:07 DEBUG headers:265 - << Content-Type: application/json;charset=UTF-8
2023-01-16 17:51:07 DEBUG headers:265 - << Transfer-Encoding: chunked
2023-01-16 17:51:07 DEBUG headers:265 - << Connection: keep-alive
2023-01-16 17:51:07 DEBUG headers:265 - << Set-Cookie: XSRF-TOKEN=e3b065d6-32a4-49ac-a7d9-fa69d97fd97d; Path=/; Secure; HttpOnly; SameSite=Lax
2023-01-16 17:51:07 DEBUG headers:265 - << x-amz-cognito-request-id: af90146d-3c7c-4146-9b05-972d3bbedbd2
2023-01-16 17:51:07 DEBUG headers:265 - << X-Content-Type-Options: nosniff
2023-01-16 17:51:07 DEBUG headers:265 - << X-XSS-Protection: 1; mode=block
2023-01-16 17:51:07 DEBUG headers:265 - << Cache-Control: no-cache, no-store, max-age=0, must-revalidate
2023-01-16 17:51:07 DEBUG headers:265 - << Pragma: no-cache
2023-01-16 17:51:07 DEBUG headers:265 - << Expires: 0
2023-01-16 17:51:07 DEBUG headers:265 - << Strict-Transport-Security: max-age=31536000 ; includeSubDomains
2023-01-16 17:51:07 DEBUG headers:265 - << X-Frame-Options: DENY
2023-01-16 17:51:07 DEBUG headers:265 - << Server: Server
2023-01-16 17:51:07 DEBUG DefaultHttpClient:509 - Connection can be kept alive indefinitely
2023-01-16 17:51:07 DEBUG RequestSpecificationImpl$RestAssuredHttpBuilder:545 - Parsing response as: application/json;charset=UTF-8
2023-01-16 17:51:07 DEBUG RequestSpecificationImpl$RestAssuredHttpBuilder:548 - Parsed data to instance of: class org.apache.http.conn.EofSensorInputStream
2023-01-16 17:51:07 INFO  TestUtils:41 - Getting Response Code
2023-01-16 17:51:07 INFO  TestUtils:43 - Status Code: 200
2023-01-16 17:51:07 INFO  TestUtils:22 - Env Name: stage
2023-01-16 17:51:07 INFO  TestUtils:22 - Env Name: stage
2023-01-16 17:51:07 INFO  TestUtils:22 - Env Name: stage
2023-01-16 17:51:07 INFO  TestUtils:22 - Env Name: stage
2023-01-16 17:51:07 INFO  TestUtils:22 - Env Name: stage
2023-01-16 17:51:07 INFO  Base:27 - End Point : /oauth2/token
2023-01-16 17:51:07 DEBUG BasicClientConnectionManager:161 - Get connection for route {s}->https://izaan-test.auth.us-east-1.amazoncognito.com:443
2023-01-16 17:51:07 DEBUG DefaultClientConnectionOperator:177 - Connecting to izaan-test.auth.us-east-1.amazoncognito.com:443
2023-01-16 17:51:07 DEBUG RequestAddCookies:123 - CookieSpec selected: ignoreCookies
2023-01-16 17:51:07 DEBUG RequestAuthCache:77 - Auth cache not set in the context
2023-01-16 17:51:07 DEBUG RequestProxyAuthentication:89 - Proxy auth state: UNCHALLENGED
2023-01-16 17:51:07 DEBUG DefaultHttpClient:682 - Attempt 1 to execute request
2023-01-16 17:51:07 DEBUG DefaultClientConnection:274 - Sending request: POST /oauth2/token HTTP/1.1
2023-01-16 17:51:07 DEBUG wire:73 -  >> "POST /oauth2/token HTTP/1.1[\r][\n]"
2023-01-16 17:51:07 DEBUG wire:73 -  >> "Authorization: Basic MXU1aW80dmE5c3I0NW43OWZjZWcyZGFtamY6MXFia3RodnA3bGJjN2FhdnVoaG1mZzhmMmNyZWtvcjloMmg3YWJ1Mm9ydTFubHBqNzFmZQ==[\r][\n]"
2023-01-16 17:51:07 DEBUG wire:73 -  >> "Accept: */*[\r][\n]"
2023-01-16 17:51:07 DEBUG wire:73 -  >> "Content-Type: application/x-www-form-urlencoded; charset=ISO-8859-1[\r][\n]"
2023-01-16 17:51:07 DEBUG wire:73 -  >> "Content-Length: 58[\r][\n]"
2023-01-16 17:51:07 DEBUG wire:73 -  >> "Host: izaan-test.auth.us-east-1.amazoncognito.com[\r][\n]"
2023-01-16 17:51:07 DEBUG wire:73 -  >> "Connection: Keep-Alive[\r][\n]"
2023-01-16 17:51:07 DEBUG wire:73 -  >> "User-Agent: Apache-HttpClient/4.5.3 (Java/1.8.0_341)[\r][\n]"
2023-01-16 17:51:07 DEBUG wire:73 -  >> "Accept-Encoding: gzip,deflate[\r][\n]"
2023-01-16 17:51:07 DEBUG wire:73 -  >> "[\r][\n]"
2023-01-16 17:51:07 DEBUG headers:278 - >> POST /oauth2/token HTTP/1.1
2023-01-16 17:51:07 DEBUG headers:281 - >> Authorization: Basic MXU1aW80dmE5c3I0NW43OWZjZWcyZGFtamY6MXFia3RodnA3bGJjN2FhdnVoaG1mZzhmMmNyZWtvcjloMmg3YWJ1Mm9ydTFubHBqNzFmZQ==
2023-01-16 17:51:07 DEBUG headers:281 - >> Accept: */*
2023-01-16 17:51:07 DEBUG headers:281 - >> Content-Type: application/x-www-form-urlencoded; charset=ISO-8859-1
2023-01-16 17:51:07 DEBUG headers:281 - >> Content-Length: 58
2023-01-16 17:51:07 DEBUG headers:281 - >> Host: izaan-test.auth.us-east-1.amazoncognito.com
2023-01-16 17:51:07 DEBUG headers:281 - >> Connection: Keep-Alive
2023-01-16 17:51:07 DEBUG headers:281 - >> User-Agent: Apache-HttpClient/4.5.3 (Java/1.8.0_341)
2023-01-16 17:51:07 DEBUG headers:281 - >> Accept-Encoding: gzip,deflate
2023-01-16 17:51:07 DEBUG wire:87 -  >> "grant_type=client_credentials&scope=izaan_test%2Fpost_info"
2023-01-16 17:51:07 DEBUG wire:73 -  << "HTTP/1.1 200 OK[\r][\n]"
2023-01-16 17:51:07 DEBUG wire:73 -  << "Date: Mon, 16 Jan 2023 22:51:13 GMT[\r][\n]"
2023-01-16 17:51:07 DEBUG wire:73 -  << "Content-Type: application/json;charset=UTF-8[\r][\n]"
2023-01-16 17:51:07 DEBUG wire:73 -  << "Transfer-Encoding: chunked[\r][\n]"
2023-01-16 17:51:07 DEBUG wire:73 -  << "Connection: keep-alive[\r][\n]"
2023-01-16 17:51:07 DEBUG wire:73 -  << "Set-Cookie: XSRF-TOKEN=3851f014-1fd8-42b3-9c4b-6728ab779c18; Path=/; Secure; HttpOnly; SameSite=Lax[\r][\n]"
2023-01-16 17:51:07 DEBUG wire:73 -  << "x-amz-cognito-request-id: 3c8103b4-0567-42bd-88e1-962a581f31d1[\r][\n]"
2023-01-16 17:51:07 DEBUG wire:73 -  << "X-Content-Type-Options: nosniff[\r][\n]"
2023-01-16 17:51:07 DEBUG wire:73 -  << "X-XSS-Protection: 1; mode=block[\r][\n]"
2023-01-16 17:51:07 DEBUG wire:73 -  << "Cache-Control: no-cache, no-store, max-age=0, must-revalidate[\r][\n]"
2023-01-16 17:51:07 DEBUG wire:73 -  << "Pragma: no-cache[\r][\n]"
2023-01-16 17:51:07 DEBUG wire:73 -  << "Expires: 0[\r][\n]"
2023-01-16 17:51:07 DEBUG wire:73 -  << "Strict-Transport-Security: max-age=31536000 ; includeSubDomains[\r][\n]"
2023-01-16 17:51:07 DEBUG wire:73 -  << "X-Frame-Options: DENY[\r][\n]"
2023-01-16 17:51:07 DEBUG wire:73 -  << "Server: Server[\r][\n]"
2023-01-16 17:51:07 DEBUG wire:73 -  << "[\r][\n]"
2023-01-16 17:51:07 DEBUG DefaultClientConnection:259 - Receiving response: HTTP/1.1 200 OK
2023-01-16 17:51:07 DEBUG headers:262 - << HTTP/1.1 200 OK
2023-01-16 17:51:07 DEBUG headers:265 - << Date: Mon, 16 Jan 2023 22:51:13 GMT
2023-01-16 17:51:07 DEBUG headers:265 - << Content-Type: application/json;charset=UTF-8
2023-01-16 17:51:07 DEBUG headers:265 - << Transfer-Encoding: chunked
2023-01-16 17:51:07 DEBUG headers:265 - << Connection: keep-alive
2023-01-16 17:51:07 DEBUG headers:265 - << Set-Cookie: XSRF-TOKEN=3851f014-1fd8-42b3-9c4b-6728ab779c18; Path=/; Secure; HttpOnly; SameSite=Lax
2023-01-16 17:51:07 DEBUG headers:265 - << x-amz-cognito-request-id: 3c8103b4-0567-42bd-88e1-962a581f31d1
2023-01-16 17:51:07 DEBUG headers:265 - << X-Content-Type-Options: nosniff
2023-01-16 17:51:07 DEBUG headers:265 - << X-XSS-Protection: 1; mode=block
2023-01-16 17:51:07 DEBUG headers:265 - << Cache-Control: no-cache, no-store, max-age=0, must-revalidate
2023-01-16 17:51:07 DEBUG headers:265 - << Pragma: no-cache
2023-01-16 17:51:07 DEBUG headers:265 - << Expires: 0
2023-01-16 17:51:07 DEBUG headers:265 - << Strict-Transport-Security: max-age=31536000 ; includeSubDomains
2023-01-16 17:51:07 DEBUG headers:265 - << X-Frame-Options: DENY
2023-01-16 17:51:07 DEBUG headers:265 - << Server: Server
2023-01-16 17:51:07 DEBUG DefaultHttpClient:509 - Connection can be kept alive indefinitely
2023-01-16 17:51:07 DEBUG RequestSpecificationImpl$RestAssuredHttpBuilder:545 - Parsing response as: application/json;charset=UTF-8
2023-01-16 17:51:07 DEBUG RequestSpecificationImpl$RestAssuredHttpBuilder:548 - Parsed data to instance of: class org.apache.http.conn.EofSensorInputStream
2023-01-16 17:51:07 INFO  TestUtils:66 - Getting an attribute value from Response body
2023-01-16 17:51:07 DEBUG wire:73 -  << "398[\r][\n]"
2023-01-16 17:51:07 DEBUG wire:87 -  << "{"access_token":"eyJraWQiOiJtNlhhM3FkczlxY2o2ODZYOVBRb0JqTEJSQU5yMzBPZ21ZQzdvdThZc1N3PSIsImFsZyI6IlJTMjU2In0.eyJzdWIiOiIxdTVpbzR2YTlzcjQ1bjc5ZmNlZzJkYW1qZiIsInRva2VuX3VzZSI6ImFjY2VzcyIsInNjb3BlIjoiaXphYW5fdGVzdFwvcG9zdF9pbmZvIiwiYXV0aF90aW1lIjoxNjczOTA5NDczLCJpc3MiOiJodHRwczpcL1wvY29nbml0by1pZHAudXMtZWFzdC0xLmFtYXpvbmF3cy5jb21cL3VzLWVhc3QtMV9ZN3k4cTVDMVoiLCJleHAiOjE2NzM5MTMwNzMsImlhdCI6MTY3MzkwOTQ3MywidmVyc2lvbiI6MiwianRpIjoiNTA3NzljMDEtNWUyMy00YmY0LWIzNDQtZTYwMTg1MzIyMjUxIiwiY2xpZW50X2lkIjoiMXU1aW80dmE5c3I0NW43OWZjZWcyZGFtamYifQ.Wbtc_xEc-8qgRjo-d7B9aa_fQ7X8VMUuXgnVDuknEQZv7Jzwez9vRm_bW3vHIe0G7NpBqZMfNEu4Yl9uE88PcLJDqogIASx8duoHkA5HJTCKYDvjNmHNs_v-D562ABP7gcm9QevqeCn3Oshp0DFsY28Z9WmB51w9EeUHfxaC8lBVoI81BrGJNG5B2CMoFwqqLtAP7gi-lPObn9Bz1xmd8LQp9OKq711chHTjvpEBKaIiIXWW0iaxEB92kMq5-ID3Jz2F2bPfLJVX2y0mtsFrLZSrDlQzXF5o0G6ZK8HlMHGUCAfHjqend-79ZQLW-ZChfAFNggfkQnjwn0p1LXOLag","expires_in":3600,"token_type":"Bearer"}"
2023-01-16 17:51:07 DEBUG wire:73 -  << "[\r][\n]"
2023-01-16 17:51:07 DEBUG wire:73 -  << "0[\r][\n]"
2023-01-16 17:51:07 DEBUG wire:73 -  << "[\r][\n]"
2023-01-16 17:51:07 DEBUG BasicClientConnectionManager:200 - Releasing connection org.apache.http.impl.conn.ManagedClientConnectionImpl@8cdaab
2023-01-16 17:51:07 DEBUG BasicClientConnectionManager:225 - Connection can be kept alive indefinitely
2023-01-16 17:51:08 DEBUG TestUtils:69 - access_token: eyJraWQiOiJtNlhhM3FkczlxY2o2ODZYOVBRb0JqTEJSQU5yMzBPZ21ZQzdvdThZc1N3PSIsImFsZyI6IlJTMjU2In0.eyJzdWIiOiIxdTVpbzR2YTlzcjQ1bjc5ZmNlZzJkYW1qZiIsInRva2VuX3VzZSI6ImFjY2VzcyIsInNjb3BlIjoiaXphYW5fdGVzdFwvcG9zdF9pbmZvIiwiYXV0aF90aW1lIjoxNjczOTA5NDczLCJpc3MiOiJodHRwczpcL1wvY29nbml0by1pZHAudXMtZWFzdC0xLmFtYXpvbmF3cy5jb21cL3VzLWVhc3QtMV9ZN3k4cTVDMVoiLCJleHAiOjE2NzM5MTMwNzMsImlhdCI6MTY3MzkwOTQ3MywidmVyc2lvbiI6MiwianRpIjoiNTA3NzljMDEtNWUyMy00YmY0LWIzNDQtZTYwMTg1MzIyMjUxIiwiY2xpZW50X2lkIjoiMXU1aW80dmE5c3I0NW43OWZjZWcyZGFtamYifQ.Wbtc_xEc-8qgRjo-d7B9aa_fQ7X8VMUuXgnVDuknEQZv7Jzwez9vRm_bW3vHIe0G7NpBqZMfNEu4Yl9uE88PcLJDqogIASx8duoHkA5HJTCKYDvjNmHNs_v-D562ABP7gcm9QevqeCn3Oshp0DFsY28Z9WmB51w9EeUHfxaC8lBVoI81BrGJNG5B2CMoFwqqLtAP7gi-lPObn9Bz1xmd8LQp9OKq711chHTjvpEBKaIiIXWW0iaxEB92kMq5-ID3Jz2F2bPfLJVX2y0mtsFrLZSrDlQzXF5o0G6ZK8HlMHGUCAfHjqend-79ZQLW-ZChfAFNggfkQnjwn0p1LXOLag
2023-01-16 17:51:08 INFO  TestUtils:22 - Env Name: stage
2023-01-16 17:51:08 INFO  TestUtils:22 - Env Name: stage
2023-01-16 17:51:08 INFO  TestUtils:22 - Env Name: stage
2023-01-16 17:51:08 INFO  TestUtils:22 - Env Name: stage
2023-01-16 17:51:08 INFO  TestUtils:22 - Env Name: stage
2023-01-16 17:51:08 INFO  Base:27 - End Point : /oauth2/token
2023-01-16 17:51:08 DEBUG BasicClientConnectionManager:161 - Get connection for route {s}->https://izaan-test.auth.us-east-1.amazoncognito.com:443
2023-01-16 17:51:08 DEBUG DefaultClientConnectionOperator:177 - Connecting to izaan-test.auth.us-east-1.amazoncognito.com:443
2023-01-16 17:51:08 DEBUG DefaultClientConnection:180 - Connection 0.0.0.0:49912<->54.89.45.122:443 closed
2023-01-16 17:51:08 DEBUG DefaultClientConnection:180 - Connection 0.0.0.0:49913<->34.205.148.118:443 closed
2023-01-16 17:51:08 DEBUG DefaultClientConnection:180 - Connection 0.0.0.0:49914<->34.205.148.118:443 closed
2023-01-16 17:51:08 DEBUG RequestAddCookies:123 - CookieSpec selected: ignoreCookies
2023-01-16 17:51:08 DEBUG RequestAuthCache:77 - Auth cache not set in the context
2023-01-16 17:51:08 DEBUG RequestProxyAuthentication:89 - Proxy auth state: UNCHALLENGED
2023-01-16 17:51:08 DEBUG DefaultHttpClient:682 - Attempt 1 to execute request
2023-01-16 17:51:08 DEBUG DefaultClientConnection:274 - Sending request: POST /oauth2/token HTTP/1.1
2023-01-16 17:51:08 DEBUG wire:73 -  >> "POST /oauth2/token HTTP/1.1[\r][\n]"
2023-01-16 17:51:08 DEBUG wire:73 -  >> "Authorization: Basic MXU1aW80dmE5c3I0NW43OWZjZWcyZGFtamY6MXFia3RodnA3bGJjN2FhdnVoaG1mZzhmMmNyZWtvcjloMmg3YWJ1Mm9ydTFubHBqNzFmZQ==[\r][\n]"
2023-01-16 17:51:08 DEBUG wire:73 -  >> "Accept: */*[\r][\n]"
2023-01-16 17:51:08 DEBUG wire:73 -  >> "Content-Type: application/x-www-form-urlencoded; charset=ISO-8859-1[\r][\n]"
2023-01-16 17:51:08 DEBUG wire:73 -  >> "Content-Length: 58[\r][\n]"
2023-01-16 17:51:08 DEBUG wire:73 -  >> "Host: izaan-test.auth.us-east-1.amazoncognito.com[\r][\n]"
2023-01-16 17:51:08 DEBUG wire:73 -  >> "Connection: Keep-Alive[\r][\n]"
2023-01-16 17:51:08 DEBUG wire:73 -  >> "User-Agent: Apache-HttpClient/4.5.3 (Java/1.8.0_341)[\r][\n]"
2023-01-16 17:51:08 DEBUG wire:73 -  >> "Accept-Encoding: gzip,deflate[\r][\n]"
2023-01-16 17:51:08 DEBUG wire:73 -  >> "[\r][\n]"
2023-01-16 17:51:08 DEBUG headers:278 - >> POST /oauth2/token HTTP/1.1
2023-01-16 17:51:08 DEBUG headers:281 - >> Authorization: Basic MXU1aW80dmE5c3I0NW43OWZjZWcyZGFtamY6MXFia3RodnA3bGJjN2FhdnVoaG1mZzhmMmNyZWtvcjloMmg3YWJ1Mm9ydTFubHBqNzFmZQ==
2023-01-16 17:51:08 DEBUG headers:281 - >> Accept: */*
2023-01-16 17:51:08 DEBUG headers:281 - >> Content-Type: application/x-www-form-urlencoded; charset=ISO-8859-1
2023-01-16 17:51:08 DEBUG headers:281 - >> Content-Length: 58
2023-01-16 17:51:08 DEBUG headers:281 - >> Host: izaan-test.auth.us-east-1.amazoncognito.com
2023-01-16 17:51:08 DEBUG headers:281 - >> Connection: Keep-Alive
2023-01-16 17:51:08 DEBUG headers:281 - >> User-Agent: Apache-HttpClient/4.5.3 (Java/1.8.0_341)
2023-01-16 17:51:08 DEBUG headers:281 - >> Accept-Encoding: gzip,deflate
2023-01-16 17:51:08 DEBUG wire:87 -  >> "grant_type=client_credentials&scope=izaan_test%2Fpost_info"
2023-01-16 17:51:08 DEBUG wire:73 -  << "HTTP/1.1 200 OK[\r][\n]"
2023-01-16 17:51:08 DEBUG wire:73 -  << "Date: Mon, 16 Jan 2023 22:51:13 GMT[\r][\n]"
2023-01-16 17:51:08 DEBUG wire:73 -  << "Content-Type: application/json;charset=UTF-8[\r][\n]"
2023-01-16 17:51:08 DEBUG wire:73 -  << "Transfer-Encoding: chunked[\r][\n]"
2023-01-16 17:51:08 DEBUG wire:73 -  << "Connection: keep-alive[\r][\n]"
2023-01-16 17:51:08 DEBUG wire:73 -  << "Set-Cookie: XSRF-TOKEN=1b4f7453-faf1-46b5-a0ff-f097225f30d5; Path=/; Secure; HttpOnly; SameSite=Lax[\r][\n]"
2023-01-16 17:51:08 DEBUG wire:73 -  << "x-amz-cognito-request-id: 3396b1db-5318-4a4e-b450-78e42a6e6d07[\r][\n]"
2023-01-16 17:51:08 DEBUG wire:73 -  << "X-Content-Type-Options: nosniff[\r][\n]"
2023-01-16 17:51:08 DEBUG wire:73 -  << "X-XSS-Protection: 1; mode=block[\r][\n]"
2023-01-16 17:51:08 DEBUG wire:73 -  << "Cache-Control: no-cache, no-store, max-age=0, must-revalidate[\r][\n]"
2023-01-16 17:51:08 DEBUG wire:73 -  << "Pragma: no-cache[\r][\n]"
2023-01-16 17:51:08 DEBUG wire:73 -  << "Expires: 0[\r][\n]"
2023-01-16 17:51:08 DEBUG wire:73 -  << "Strict-Transport-Security: max-age=31536000 ; includeSubDomains[\r][\n]"
2023-01-16 17:51:08 DEBUG wire:73 -  << "X-Frame-Options: DENY[\r][\n]"
2023-01-16 17:51:08 DEBUG wire:73 -  << "Server: Server[\r][\n]"
2023-01-16 17:51:08 DEBUG wire:73 -  << "[\r][\n]"
2023-01-16 17:51:08 DEBUG DefaultClientConnection:259 - Receiving response: HTTP/1.1 200 OK
2023-01-16 17:51:08 DEBUG headers:262 - << HTTP/1.1 200 OK
2023-01-16 17:51:08 DEBUG headers:265 - << Date: Mon, 16 Jan 2023 22:51:13 GMT
2023-01-16 17:51:08 DEBUG headers:265 - << Content-Type: application/json;charset=UTF-8
2023-01-16 17:51:08 DEBUG headers:265 - << Transfer-Encoding: chunked
2023-01-16 17:51:08 DEBUG headers:265 - << Connection: keep-alive
2023-01-16 17:51:08 DEBUG headers:265 - << Set-Cookie: XSRF-TOKEN=1b4f7453-faf1-46b5-a0ff-f097225f30d5; Path=/; Secure; HttpOnly; SameSite=Lax
2023-01-16 17:51:08 DEBUG headers:265 - << x-amz-cognito-request-id: 3396b1db-5318-4a4e-b450-78e42a6e6d07
2023-01-16 17:51:08 DEBUG headers:265 - << X-Content-Type-Options: nosniff
2023-01-16 17:51:08 DEBUG headers:265 - << X-XSS-Protection: 1; mode=block
2023-01-16 17:51:08 DEBUG headers:265 - << Cache-Control: no-cache, no-store, max-age=0, must-revalidate
2023-01-16 17:51:08 DEBUG headers:265 - << Pragma: no-cache
2023-01-16 17:51:08 DEBUG headers:265 - << Expires: 0
2023-01-16 17:51:08 DEBUG headers:265 - << Strict-Transport-Security: max-age=31536000 ; includeSubDomains
2023-01-16 17:51:08 DEBUG headers:265 - << X-Frame-Options: DENY
2023-01-16 17:51:08 DEBUG headers:265 - << Server: Server
2023-01-16 17:51:08 DEBUG DefaultHttpClient:509 - Connection can be kept alive indefinitely
2023-01-16 17:51:08 DEBUG RequestSpecificationImpl$RestAssuredHttpBuilder:545 - Parsing response as: application/json;charset=UTF-8
2023-01-16 17:51:08 DEBUG RequestSpecificationImpl$RestAssuredHttpBuilder:548 - Parsed data to instance of: class org.apache.http.conn.EofSensorInputStream
2023-01-16 17:51:08 DEBUG wire:73 -  << "398[\r][\n]"
2023-01-16 17:51:08 DEBUG wire:87 -  << "{"access_token":"eyJraWQiOiJtNlhhM3FkczlxY2o2ODZYOVBRb0JqTEJSQU5yMzBPZ21ZQzdvdThZc1N3PSIsImFsZyI6IlJTMjU2In0.eyJzdWIiOiIxdTVpbzR2YTlzcjQ1bjc5ZmNlZzJkYW1qZiIsInRva2VuX3VzZSI6ImFjY2VzcyIsInNjb3BlIjoiaXphYW5fdGVzdFwvcG9zdF9pbmZvIiwiYXV0aF90aW1lIjoxNjczOTA5NDczLCJpc3MiOiJodHRwczpcL1wvY29nbml0by1pZHAudXMtZWFzdC0xLmFtYXpvbmF3cy5jb21cL3VzLWVhc3QtMV9ZN3k4cTVDMVoiLCJleHAiOjE2NzM5MTMwNzMsImlhdCI6MTY3MzkwOTQ3MywidmVyc2lvbiI6MiwianRpIjoiZTVjYzg4MDgtMzEwMy00NTFhLWI5NDMtNmM5MzNhZWQyOWEzIiwiY2xpZW50X2lkIjoiMXU1aW80dmE5c3I0NW43OWZjZWcyZGFtamYifQ.VFIl7WS_cupTgAuUXU95jnEa5HqJVrItlrq5A0KDSZC27QVOOizcwMIBUN3xLSjk-i9_Dj55hr8OTMWr2Gmny5UnRt-bK_Gj3BFYV__1EF0EY73OEEdIPBTmXxnt_2HbINppt2zTPt2FIH81hAW7TQ7af6CJbfnP6fxp4B4ZPbeUxdYMcgVa8khR2BBWVgWCSV5mF-guvO75oDir7Z5FSk7fPIcHErsneiEdLA-wdKFzJdvtfRlk47AB4RkTt46ni_EAIe8wsQ_VRb_bL94jKVs24lQvUFZ6SDtBr4Ot71guLFKuZmvY0yiozcT4nomMq3r_fqDV4vqZAMw1Z9rgpw","expires_in":3600,"token_type":"Bearer"}"
2023-01-16 17:51:08 DEBUG wire:73 -  << "[\r][\n]"
2023-01-16 17:51:08 DEBUG wire:73 -  << "0[\r][\n]"
2023-01-16 17:51:08 DEBUG wire:73 -  << "[\r][\n]"
2023-01-16 17:51:08 DEBUG BasicClientConnectionManager:200 - Releasing connection org.apache.http.impl.conn.ManagedClientConnectionImpl@b310aa
2023-01-16 17:51:08 DEBUG BasicClientConnectionManager:225 - Connection can be kept alive indefinitely
2023-01-16 17:51:08 INFO  TestUtils:22 - Env Name: stage
2023-01-16 17:51:08 INFO  Base:27 - End Point : /test/submit
2023-01-16 17:51:08 INFO  Base:122 - Inside POSTRequest call
2023-01-16 17:51:08 DEBUG BasicClientConnectionManager:161 - Get connection for route {s}->https://5x9m5ed0tj.execute-api.us-east-1.amazonaws.com:443
2023-01-16 17:51:08 DEBUG DefaultClientConnectionOperator:177 - Connecting to 5x9m5ed0tj.execute-api.us-east-1.amazonaws.com:443
2023-01-16 17:51:08 DEBUG RequestAddCookies:123 - CookieSpec selected: ignoreCookies
2023-01-16 17:51:08 DEBUG RequestAuthCache:77 - Auth cache not set in the context
2023-01-16 17:51:08 DEBUG RequestProxyAuthentication:89 - Proxy auth state: UNCHALLENGED
2023-01-16 17:51:08 DEBUG DefaultHttpClient:682 - Attempt 1 to execute request
2023-01-16 17:51:08 DEBUG DefaultClientConnection:274 - Sending request: POST /test/submit HTTP/1.1
2023-01-16 17:51:08 DEBUG wire:73 -  >> "POST /test/submit HTTP/1.1[\r][\n]"
2023-01-16 17:51:08 DEBUG wire:73 -  >> "Authorization: Bearer eyJraWQiOiJtNlhhM3FkczlxY2o2ODZYOVBRb0JqTEJSQU5yMzBPZ21ZQzdvdThZc1N3PSIsImFsZyI6IlJTMjU2In0.eyJzdWIiOiIxdTVpbzR2YTlzcjQ1bjc5ZmNlZzJkYW1qZiIsInRva2VuX3VzZSI6ImFjY2VzcyIsInNjb3BlIjoiaXphYW5fdGVzdFwvcG9zdF9pbmZvIiwiYXV0aF90aW1lIjoxNjczOTA5NDczLCJpc3MiOiJodHRwczpcL1wvY29nbml0by1pZHAudXMtZWFzdC0xLmFtYXpvbmF3cy5jb21cL3VzLWVhc3QtMV9ZN3k4cTVDMVoiLCJleHAiOjE2NzM5MTMwNzMsImlhdCI6MTY3MzkwOTQ3MywidmVyc2lvbiI6MiwianRpIjoiZTVjYzg4MDgtMzEwMy00NTFhLWI5NDMtNmM5MzNhZWQyOWEzIiwiY2xpZW50X2lkIjoiMXU1aW80dmE5c3I0NW43OWZjZWcyZGFtamYifQ.VFIl7WS_cupTgAuUXU95jnEa5HqJVrItlrq5A0KDSZC27QVOOizcwMIBUN3xLSjk-i9_Dj55hr8OTMWr2Gmny5UnRt-bK_Gj3BFYV__1EF0EY73OEEdIPBTmXxnt_2HbINppt2zTPt2FIH81hAW7TQ7af6CJbfnP6fxp4B4ZPbeUxdYMcgVa8khR2BBWVgWCSV5mF-guvO75oDir7Z5FSk7fPIcHErsneiEdLA-wdKFzJdvtfRlk47AB4RkTt46ni_EAIe8wsQ_VRb_bL94jKVs24lQvUFZ6SDtBr4Ot71guLFKuZmvY0yiozcT4nomMq3r_fqDV4vqZAMw1Z9rgpw[\r][\n]"
2023-01-16 17:51:08 DEBUG wire:73 -  >> "Accept: */*[\r][\n]"
2023-01-16 17:51:08 DEBUG wire:73 -  >> "Content-Type: application/json; charset=UTF-8[\r][\n]"
2023-01-16 17:51:08 DEBUG wire:73 -  >> "Content-Length: 24[\r][\n]"
2023-01-16 17:51:08 DEBUG wire:73 -  >> "Host: 5x9m5ed0tj.execute-api.us-east-1.amazonaws.com[\r][\n]"
2023-01-16 17:51:08 DEBUG wire:73 -  >> "Connection: Keep-Alive[\r][\n]"
2023-01-16 17:51:08 DEBUG wire:73 -  >> "User-Agent: Apache-HttpClient/4.5.3 (Java/1.8.0_341)[\r][\n]"
2023-01-16 17:51:08 DEBUG wire:73 -  >> "Accept-Encoding: gzip,deflate[\r][\n]"
2023-01-16 17:51:08 DEBUG wire:73 -  >> "[\r][\n]"
2023-01-16 17:51:08 DEBUG headers:278 - >> POST /test/submit HTTP/1.1
2023-01-16 17:51:08 DEBUG headers:281 - >> Authorization: Bearer eyJraWQiOiJtNlhhM3FkczlxY2o2ODZYOVBRb0JqTEJSQU5yMzBPZ21ZQzdvdThZc1N3PSIsImFsZyI6IlJTMjU2In0.eyJzdWIiOiIxdTVpbzR2YTlzcjQ1bjc5ZmNlZzJkYW1qZiIsInRva2VuX3VzZSI6ImFjY2VzcyIsInNjb3BlIjoiaXphYW5fdGVzdFwvcG9zdF9pbmZvIiwiYXV0aF90aW1lIjoxNjczOTA5NDczLCJpc3MiOiJodHRwczpcL1wvY29nbml0by1pZHAudXMtZWFzdC0xLmFtYXpvbmF3cy5jb21cL3VzLWVhc3QtMV9ZN3k4cTVDMVoiLCJleHAiOjE2NzM5MTMwNzMsImlhdCI6MTY3MzkwOTQ3MywidmVyc2lvbiI6MiwianRpIjoiZTVjYzg4MDgtMzEwMy00NTFhLWI5NDMtNmM5MzNhZWQyOWEzIiwiY2xpZW50X2lkIjoiMXU1aW80dmE5c3I0NW43OWZjZWcyZGFtamYifQ.VFIl7WS_cupTgAuUXU95jnEa5HqJVrItlrq5A0KDSZC27QVOOizcwMIBUN3xLSjk-i9_Dj55hr8OTMWr2Gmny5UnRt-bK_Gj3BFYV__1EF0EY73OEEdIPBTmXxnt_2HbINppt2zTPt2FIH81hAW7TQ7af6CJbfnP6fxp4B4ZPbeUxdYMcgVa8khR2BBWVgWCSV5mF-guvO75oDir7Z5FSk7fPIcHErsneiEdLA-wdKFzJdvtfRlk47AB4RkTt46ni_EAIe8wsQ_VRb_bL94jKVs24lQvUFZ6SDtBr4Ot71guLFKuZmvY0yiozcT4nomMq3r_fqDV4vqZAMw1Z9rgpw
2023-01-16 17:51:08 DEBUG headers:281 - >> Accept: */*
2023-01-16 17:51:08 DEBUG headers:281 - >> Content-Type: application/json; charset=UTF-8
2023-01-16 17:51:08 DEBUG headers:281 - >> Content-Length: 24
2023-01-16 17:51:08 DEBUG headers:281 - >> Host: 5x9m5ed0tj.execute-api.us-east-1.amazonaws.com
2023-01-16 17:51:08 DEBUG headers:281 - >> Connection: Keep-Alive
2023-01-16 17:51:08 DEBUG headers:281 - >> User-Agent: Apache-HttpClient/4.5.3 (Java/1.8.0_341)
2023-01-16 17:51:08 DEBUG headers:281 - >> Accept-Encoding: gzip,deflate
2023-01-16 17:51:08 DEBUG wire:87 -  >> "{"name":"John","age":35}"
2023-01-16 17:51:08 DEBUG wire:73 -  << "HTTP/1.1 200 OK[\r][\n]"
2023-01-16 17:51:08 DEBUG wire:73 -  << "Date: Mon, 16 Jan 2023 22:51:13 GMT[\r][\n]"
2023-01-16 17:51:08 DEBUG wire:73 -  << "Content-Type: application/json[\r][\n]"
2023-01-16 17:51:08 DEBUG wire:73 -  << "Content-Length: 31[\r][\n]"
2023-01-16 17:51:08 DEBUG wire:73 -  << "Connection: keep-alive[\r][\n]"
2023-01-16 17:51:08 DEBUG wire:73 -  << "x-amzn-RequestId: b845e9ff-0a46-4026-a54b-f5c163392a09[\r][\n]"
2023-01-16 17:51:08 DEBUG wire:73 -  << "x-amz-apigw-id: e24zVGjrIAMFfew=[\r][\n]"
2023-01-16 17:51:08 DEBUG wire:73 -  << "X-Amzn-Trace-Id: Root=1-63c5d4e1-37c4552e383b6d7572e6b9e2;Sampled=0[\r][\n]"
2023-01-16 17:51:08 DEBUG wire:73 -  << "[\r][\n]"
2023-01-16 17:51:08 DEBUG DefaultClientConnection:259 - Receiving response: HTTP/1.1 200 OK
2023-01-16 17:51:08 DEBUG headers:262 - << HTTP/1.1 200 OK
2023-01-16 17:51:08 DEBUG headers:265 - << Date: Mon, 16 Jan 2023 22:51:13 GMT
2023-01-16 17:51:08 DEBUG headers:265 - << Content-Type: application/json
2023-01-16 17:51:08 DEBUG headers:265 - << Content-Length: 31
2023-01-16 17:51:08 DEBUG headers:265 - << Connection: keep-alive
2023-01-16 17:51:08 DEBUG headers:265 - << x-amzn-RequestId: b845e9ff-0a46-4026-a54b-f5c163392a09
2023-01-16 17:51:08 DEBUG headers:265 - << x-amz-apigw-id: e24zVGjrIAMFfew=
2023-01-16 17:51:08 DEBUG headers:265 - << X-Amzn-Trace-Id: Root=1-63c5d4e1-37c4552e383b6d7572e6b9e2;Sampled=0
2023-01-16 17:51:08 DEBUG DefaultHttpClient:509 - Connection can be kept alive indefinitely
2023-01-16 17:51:08 DEBUG RequestSpecificationImpl$RestAssuredHttpBuilder:545 - Parsing response as: application/json
2023-01-16 17:51:08 DEBUG RequestSpecificationImpl$RestAssuredHttpBuilder:548 - Parsed data to instance of: class org.apache.http.conn.EofSensorInputStream
2023-01-16 17:51:08 DEBUG Base:127 - io.restassured.internal.RequestSpecificationImpl@1f8701f
2023-01-16 17:51:08 INFO  SubmitResourceAssertion:17 - Assertions to verify if the resource has been submitted
2023-01-16 17:51:08 INFO  TestUtils:41 - Getting Response Code
2023-01-16 17:51:08 INFO  TestUtils:43 - Status Code: 200
2023-01-16 17:51:08 INFO  TestUtils:87 - Getting an attribute value from a JSON file
2023-01-16 17:51:08 DEBUG TestUtils:91 - age: 35
2023-01-16 17:51:08 INFO  TestUtils:66 - Getting an attribute value from Response body
2023-01-16 17:51:08 DEBUG wire:87 -  << "{"message": "You are an Adult"}"
2023-01-16 17:51:08 DEBUG BasicClientConnectionManager:200 - Releasing connection org.apache.http.impl.conn.ManagedClientConnectionImpl@c2ecea
2023-01-16 17:51:08 DEBUG BasicClientConnectionManager:225 - Connection can be kept alive indefinitely
2023-01-16 17:51:08 DEBUG TestUtils:69 - message: You are an Adult
