2023-01-16 17:46:48 INFO  SubmitResource:24 - Making a post call to submit a resource
2023-01-16 17:46:48 INFO  TestUtils:22 - Env Name: stage
2023-01-16 17:46:48 INFO  GetToken:16 - Get a bearer token for the user
2023-01-16 17:46:48 INFO  TestUtils:22 - Env Name: stage
2023-01-16 17:46:48 INFO  TestUtils:22 - Env Name: stage
2023-01-16 17:46:48 INFO  TestUtils:22 - Env Name: stage
2023-01-16 17:46:48 INFO  TestUtils:22 - Env Name: stage
2023-01-16 17:46:48 INFO  TestUtils:22 - Env Name: stage
2023-01-16 17:46:48 INFO  Base:27 - End Point : /oauth2/token
2023-01-16 17:46:49 DEBUG BasicClientConnectionManager:161 - Get connection for route {s}->https://izaan-test.auth.us-east-1.amazoncognito.com:443
2023-01-16 17:46:49 DEBUG DefaultClientConnectionOperator:177 - Connecting to izaan-test.auth.us-east-1.amazoncognito.com:443
2023-01-16 17:46:49 DEBUG RequestAddCookies:123 - CookieSpec selected: ignoreCookies
2023-01-16 17:46:49 DEBUG RequestAuthCache:77 - Auth cache not set in the context
2023-01-16 17:46:49 DEBUG RequestProxyAuthentication:89 - Proxy auth state: UNCHALLENGED
2023-01-16 17:46:49 DEBUG DefaultHttpClient:682 - Attempt 1 to execute request
2023-01-16 17:46:49 DEBUG DefaultClientConnection:274 - Sending request: POST /oauth2/token HTTP/1.1
2023-01-16 17:46:49 DEBUG wire:73 -  >> "POST /oauth2/token HTTP/1.1[\r][\n]"
2023-01-16 17:46:49 DEBUG wire:73 -  >> "Authorization: Basic MXU1aW80dmE5c3I0NW43OWZjZWcyZGFtamY6MXFia3RodnA3bGJjN2FhdnVoaG1mZzhmMmNyZWtvcjloMmg3YWJ1Mm9ydTFubHBqNzFmZQ==[\r][\n]"
2023-01-16 17:46:49 DEBUG wire:73 -  >> "Accept: */*[\r][\n]"
2023-01-16 17:46:49 DEBUG wire:73 -  >> "Content-Type: application/x-www-form-urlencoded; charset=ISO-8859-1[\r][\n]"
2023-01-16 17:46:49 DEBUG wire:73 -  >> "Content-Length: 58[\r][\n]"
2023-01-16 17:46:49 DEBUG wire:73 -  >> "Host: izaan-test.auth.us-east-1.amazoncognito.com[\r][\n]"
2023-01-16 17:46:49 DEBUG wire:73 -  >> "Connection: Keep-Alive[\r][\n]"
2023-01-16 17:46:49 DEBUG wire:73 -  >> "User-Agent: Apache-HttpClient/4.5.3 (Java/1.8.0_341)[\r][\n]"
2023-01-16 17:46:49 DEBUG wire:73 -  >> "Accept-Encoding: gzip,deflate[\r][\n]"
2023-01-16 17:46:49 DEBUG wire:73 -  >> "[\r][\n]"
2023-01-16 17:46:49 DEBUG headers:278 - >> POST /oauth2/token HTTP/1.1
2023-01-16 17:46:49 DEBUG headers:281 - >> Authorization: Basic MXU1aW80dmE5c3I0NW43OWZjZWcyZGFtamY6MXFia3RodnA3bGJjN2FhdnVoaG1mZzhmMmNyZWtvcjloMmg3YWJ1Mm9ydTFubHBqNzFmZQ==
2023-01-16 17:46:49 DEBUG headers:281 - >> Accept: */*
2023-01-16 17:46:49 DEBUG headers:281 - >> Content-Type: application/x-www-form-urlencoded; charset=ISO-8859-1
2023-01-16 17:46:49 DEBUG headers:281 - >> Content-Length: 58
2023-01-16 17:46:49 DEBUG headers:281 - >> Host: izaan-test.auth.us-east-1.amazoncognito.com
2023-01-16 17:46:49 DEBUG headers:281 - >> Connection: Keep-Alive
2023-01-16 17:46:49 DEBUG headers:281 - >> User-Agent: Apache-HttpClient/4.5.3 (Java/1.8.0_341)
2023-01-16 17:46:49 DEBUG headers:281 - >> Accept-Encoding: gzip,deflate
2023-01-16 17:46:49 DEBUG wire:87 -  >> "grant_type=client_credentials&scope=izaan_test%2Fpost_info"
2023-01-16 17:46:49 DEBUG wire:73 -  << "HTTP/1.1 200 OK[\r][\n]"
2023-01-16 17:46:49 DEBUG wire:73 -  << "Date: Mon, 16 Jan 2023 22:46:55 GMT[\r][\n]"
2023-01-16 17:46:49 DEBUG wire:73 -  << "Content-Type: application/json;charset=UTF-8[\r][\n]"
2023-01-16 17:46:49 DEBUG wire:73 -  << "Transfer-Encoding: chunked[\r][\n]"
2023-01-16 17:46:49 DEBUG wire:73 -  << "Connection: keep-alive[\r][\n]"
2023-01-16 17:46:49 DEBUG wire:73 -  << "Set-Cookie: XSRF-TOKEN=05fc469f-8491-4ce2-a288-5b9bd1695904; Path=/; Secure; HttpOnly; SameSite=Lax[\r][\n]"
2023-01-16 17:46:49 DEBUG wire:73 -  << "x-amz-cognito-request-id: ede3b06c-a71b-4b19-b4b1-ab453c3dedfa[\r][\n]"
2023-01-16 17:46:49 DEBUG wire:73 -  << "X-Content-Type-Options: nosniff[\r][\n]"
2023-01-16 17:46:49 DEBUG wire:73 -  << "X-XSS-Protection: 1; mode=block[\r][\n]"
2023-01-16 17:46:49 DEBUG wire:73 -  << "Cache-Control: no-cache, no-store, max-age=0, must-revalidate[\r][\n]"
2023-01-16 17:46:49 DEBUG wire:73 -  << "Pragma: no-cache[\r][\n]"
2023-01-16 17:46:49 DEBUG wire:73 -  << "Expires: 0[\r][\n]"
2023-01-16 17:46:49 DEBUG wire:73 -  << "Strict-Transport-Security: max-age=31536000 ; includeSubDomains[\r][\n]"
2023-01-16 17:46:49 DEBUG wire:73 -  << "X-Frame-Options: DENY[\r][\n]"
2023-01-16 17:46:49 DEBUG wire:73 -  << "Server: Server[\r][\n]"
2023-01-16 17:46:49 DEBUG wire:73 -  << "[\r][\n]"
2023-01-16 17:46:49 DEBUG DefaultClientConnection:259 - Receiving response: HTTP/1.1 200 OK
2023-01-16 17:46:49 DEBUG headers:262 - << HTTP/1.1 200 OK
2023-01-16 17:46:49 DEBUG headers:265 - << Date: Mon, 16 Jan 2023 22:46:55 GMT
2023-01-16 17:46:49 DEBUG headers:265 - << Content-Type: application/json;charset=UTF-8
2023-01-16 17:46:49 DEBUG headers:265 - << Transfer-Encoding: chunked
2023-01-16 17:46:49 DEBUG headers:265 - << Connection: keep-alive
2023-01-16 17:46:49 DEBUG headers:265 - << Set-Cookie: XSRF-TOKEN=05fc469f-8491-4ce2-a288-5b9bd1695904; Path=/; Secure; HttpOnly; SameSite=Lax
2023-01-16 17:46:49 DEBUG headers:265 - << x-amz-cognito-request-id: ede3b06c-a71b-4b19-b4b1-ab453c3dedfa
2023-01-16 17:46:49 DEBUG headers:265 - << X-Content-Type-Options: nosniff
2023-01-16 17:46:49 DEBUG headers:265 - << X-XSS-Protection: 1; mode=block
2023-01-16 17:46:49 DEBUG headers:265 - << Cache-Control: no-cache, no-store, max-age=0, must-revalidate
2023-01-16 17:46:49 DEBUG headers:265 - << Pragma: no-cache
2023-01-16 17:46:49 DEBUG headers:265 - << Expires: 0
2023-01-16 17:46:49 DEBUG headers:265 - << Strict-Transport-Security: max-age=31536000 ; includeSubDomains
2023-01-16 17:46:49 DEBUG headers:265 - << X-Frame-Options: DENY
2023-01-16 17:46:49 DEBUG headers:265 - << Server: Server
2023-01-16 17:46:49 DEBUG DefaultHttpClient:509 - Connection can be kept alive indefinitely
2023-01-16 17:46:49 DEBUG RequestSpecificationImpl$RestAssuredHttpBuilder:545 - Parsing response as: application/json;charset=UTF-8
2023-01-16 17:46:49 DEBUG RequestSpecificationImpl$RestAssuredHttpBuilder:548 - Parsed data to instance of: class org.apache.http.conn.EofSensorInputStream
2023-01-16 17:46:49 INFO  TestUtils:41 - Getting Response Code
2023-01-16 17:46:49 INFO  TestUtils:43 - Status Code: 200
2023-01-16 17:46:49 INFO  TestUtils:22 - Env Name: stage
2023-01-16 17:46:49 INFO  TestUtils:22 - Env Name: stage
2023-01-16 17:46:49 INFO  TestUtils:22 - Env Name: stage
2023-01-16 17:46:49 INFO  TestUtils:22 - Env Name: stage
2023-01-16 17:46:49 INFO  TestUtils:22 - Env Name: stage
2023-01-16 17:46:49 INFO  Base:27 - End Point : /oauth2/token
2023-01-16 17:46:49 DEBUG BasicClientConnectionManager:161 - Get connection for route {s}->https://izaan-test.auth.us-east-1.amazoncognito.com:443
2023-01-16 17:46:49 DEBUG DefaultClientConnectionOperator:177 - Connecting to izaan-test.auth.us-east-1.amazoncognito.com:443
2023-01-16 17:46:50 DEBUG RequestAddCookies:123 - CookieSpec selected: ignoreCookies
2023-01-16 17:46:50 DEBUG RequestAuthCache:77 - Auth cache not set in the context
2023-01-16 17:46:50 DEBUG RequestProxyAuthentication:89 - Proxy auth state: UNCHALLENGED
2023-01-16 17:46:50 DEBUG DefaultHttpClient:682 - Attempt 1 to execute request
2023-01-16 17:46:50 DEBUG DefaultClientConnection:274 - Sending request: POST /oauth2/token HTTP/1.1
2023-01-16 17:46:50 DEBUG wire:73 -  >> "POST /oauth2/token HTTP/1.1[\r][\n]"
2023-01-16 17:46:50 DEBUG wire:73 -  >> "Authorization: Basic MXU1aW80dmE5c3I0NW43OWZjZWcyZGFtamY6MXFia3RodnA3bGJjN2FhdnVoaG1mZzhmMmNyZWtvcjloMmg3YWJ1Mm9ydTFubHBqNzFmZQ==[\r][\n]"
2023-01-16 17:46:50 DEBUG wire:73 -  >> "Accept: */*[\r][\n]"
2023-01-16 17:46:50 DEBUG wire:73 -  >> "Content-Type: application/x-www-form-urlencoded; charset=ISO-8859-1[\r][\n]"
2023-01-16 17:46:50 DEBUG wire:73 -  >> "Content-Length: 58[\r][\n]"
2023-01-16 17:46:50 DEBUG wire:73 -  >> "Host: izaan-test.auth.us-east-1.amazoncognito.com[\r][\n]"
2023-01-16 17:46:50 DEBUG wire:73 -  >> "Connection: Keep-Alive[\r][\n]"
2023-01-16 17:46:50 DEBUG wire:73 -  >> "User-Agent: Apache-HttpClient/4.5.3 (Java/1.8.0_341)[\r][\n]"
2023-01-16 17:46:50 DEBUG wire:73 -  >> "Accept-Encoding: gzip,deflate[\r][\n]"
2023-01-16 17:46:50 DEBUG wire:73 -  >> "[\r][\n]"
2023-01-16 17:46:50 DEBUG headers:278 - >> POST /oauth2/token HTTP/1.1
2023-01-16 17:46:50 DEBUG headers:281 - >> Authorization: Basic MXU1aW80dmE5c3I0NW43OWZjZWcyZGFtamY6MXFia3RodnA3bGJjN2FhdnVoaG1mZzhmMmNyZWtvcjloMmg3YWJ1Mm9ydTFubHBqNzFmZQ==
2023-01-16 17:46:50 DEBUG headers:281 - >> Accept: */*
2023-01-16 17:46:50 DEBUG headers:281 - >> Content-Type: application/x-www-form-urlencoded; charset=ISO-8859-1
2023-01-16 17:46:50 DEBUG headers:281 - >> Content-Length: 58
2023-01-16 17:46:50 DEBUG headers:281 - >> Host: izaan-test.auth.us-east-1.amazoncognito.com
2023-01-16 17:46:50 DEBUG headers:281 - >> Connection: Keep-Alive
2023-01-16 17:46:50 DEBUG headers:281 - >> User-Agent: Apache-HttpClient/4.5.3 (Java/1.8.0_341)
2023-01-16 17:46:50 DEBUG headers:281 - >> Accept-Encoding: gzip,deflate
2023-01-16 17:46:50 DEBUG wire:87 -  >> "grant_type=client_credentials&scope=izaan_test%2Fpost_info"
2023-01-16 17:46:50 DEBUG wire:73 -  << "HTTP/1.1 200 OK[\r][\n]"
2023-01-16 17:46:50 DEBUG wire:73 -  << "Date: Mon, 16 Jan 2023 22:46:55 GMT[\r][\n]"
2023-01-16 17:46:50 DEBUG wire:73 -  << "Content-Type: application/json;charset=UTF-8[\r][\n]"
2023-01-16 17:46:50 DEBUG wire:73 -  << "Transfer-Encoding: chunked[\r][\n]"
2023-01-16 17:46:50 DEBUG wire:73 -  << "Connection: keep-alive[\r][\n]"
2023-01-16 17:46:50 DEBUG wire:73 -  << "Set-Cookie: XSRF-TOKEN=a040d297-0c50-4f3b-9e0d-530c42fceeb9; Path=/; Secure; HttpOnly; SameSite=Lax[\r][\n]"
2023-01-16 17:46:50 DEBUG wire:73 -  << "x-amz-cognito-request-id: 92ac1011-41fe-4d29-bc7d-51c9208965f7[\r][\n]"
2023-01-16 17:46:50 DEBUG wire:73 -  << "X-Content-Type-Options: nosniff[\r][\n]"
2023-01-16 17:46:50 DEBUG wire:73 -  << "X-XSS-Protection: 1; mode=block[\r][\n]"
2023-01-16 17:46:50 DEBUG wire:73 -  << "Cache-Control: no-cache, no-store, max-age=0, must-revalidate[\r][\n]"
2023-01-16 17:46:50 DEBUG wire:73 -  << "Pragma: no-cache[\r][\n]"
2023-01-16 17:46:50 DEBUG wire:73 -  << "Expires: 0[\r][\n]"
2023-01-16 17:46:50 DEBUG wire:73 -  << "Strict-Transport-Security: max-age=31536000 ; includeSubDomains[\r][\n]"
2023-01-16 17:46:50 DEBUG wire:73 -  << "X-Frame-Options: DENY[\r][\n]"
2023-01-16 17:46:50 DEBUG wire:73 -  << "Server: Server[\r][\n]"
2023-01-16 17:46:50 DEBUG wire:73 -  << "[\r][\n]"
2023-01-16 17:46:50 DEBUG DefaultClientConnection:259 - Receiving response: HTTP/1.1 200 OK
2023-01-16 17:46:50 DEBUG headers:262 - << HTTP/1.1 200 OK
2023-01-16 17:46:50 DEBUG headers:265 - << Date: Mon, 16 Jan 2023 22:46:55 GMT
2023-01-16 17:46:50 DEBUG headers:265 - << Content-Type: application/json;charset=UTF-8
2023-01-16 17:46:50 DEBUG headers:265 - << Transfer-Encoding: chunked
2023-01-16 17:46:50 DEBUG headers:265 - << Connection: keep-alive
2023-01-16 17:46:50 DEBUG headers:265 - << Set-Cookie: XSRF-TOKEN=a040d297-0c50-4f3b-9e0d-530c42fceeb9; Path=/; Secure; HttpOnly; SameSite=Lax
2023-01-16 17:46:50 DEBUG headers:265 - << x-amz-cognito-request-id: 92ac1011-41fe-4d29-bc7d-51c9208965f7
2023-01-16 17:46:50 DEBUG headers:265 - << X-Content-Type-Options: nosniff
2023-01-16 17:46:50 DEBUG headers:265 - << X-XSS-Protection: 1; mode=block
2023-01-16 17:46:50 DEBUG headers:265 - << Cache-Control: no-cache, no-store, max-age=0, must-revalidate
2023-01-16 17:46:50 DEBUG headers:265 - << Pragma: no-cache
2023-01-16 17:46:50 DEBUG headers:265 - << Expires: 0
2023-01-16 17:46:50 DEBUG headers:265 - << Strict-Transport-Security: max-age=31536000 ; includeSubDomains
2023-01-16 17:46:50 DEBUG headers:265 - << X-Frame-Options: DENY
2023-01-16 17:46:50 DEBUG headers:265 - << Server: Server
2023-01-16 17:46:50 DEBUG DefaultHttpClient:509 - Connection can be kept alive indefinitely
2023-01-16 17:46:50 DEBUG RequestSpecificationImpl$RestAssuredHttpBuilder:545 - Parsing response as: application/json;charset=UTF-8
2023-01-16 17:46:50 DEBUG RequestSpecificationImpl$RestAssuredHttpBuilder:548 - Parsed data to instance of: class org.apache.http.conn.EofSensorInputStream
2023-01-16 17:46:50 INFO  TestUtils:66 - Getting an attribute value from Response body
2023-01-16 17:46:50 DEBUG wire:73 -  << "398[\r][\n]"
2023-01-16 17:46:50 DEBUG wire:87 -  << "{"access_token":"eyJraWQiOiJtNlhhM3FkczlxY2o2ODZYOVBRb0JqTEJSQU5yMzBPZ21ZQzdvdThZc1N3PSIsImFsZyI6IlJTMjU2In0.eyJzdWIiOiIxdTVpbzR2YTlzcjQ1bjc5ZmNlZzJkYW1qZiIsInRva2VuX3VzZSI6ImFjY2VzcyIsInNjb3BlIjoiaXphYW5fdGVzdFwvcG9zdF9pbmZvIiwiYXV0aF90aW1lIjoxNjczOTA5MjE1LCJpc3MiOiJodHRwczpcL1wvY29nbml0by1pZHAudXMtZWFzdC0xLmFtYXpvbmF3cy5jb21cL3VzLWVhc3QtMV9ZN3k4cTVDMVoiLCJleHAiOjE2NzM5MTI4MTUsImlhdCI6MTY3MzkwOTIxNSwidmVyc2lvbiI6MiwianRpIjoiMThkMDI4ZmItYzcyNy00MzY5LWI3ZjQtNTJkOGQ0YzNlMTNlIiwiY2xpZW50X2lkIjoiMXU1aW80dmE5c3I0NW43OWZjZWcyZGFtamYifQ.XaBbYV5sFPgyVbS_jGtQT1cjpb6MAz__Aia9Qtm0_zOcA6p5gnLvsyga4Yeuyi7pzCS7lVCqCnbhCx_5TQnO8e5Hq0hLR8a_7sfCgGio1DlQQka9NV4XZ7yarJfWWX_QO_1vy0Jj0eiSLnA_nPyyp6MpIJOAXMBL4DmyzC6vEvmUowdeocMizpWjXhwuD9Y6Qks4Lrh-Vq9rFhzlt29T1zKyXXGowLn5ui2NrGiCoqllLVDm3M0cahhecAbtnX5SQYm8Hig90OldOva3NdUNt_OaHcxE_5l6lv20h36gUlqpadVHLyhQYXQv-YSySYg8lGwTBnCjA3va5Ib0umDtDA","expires_in":3600,"token_type":"Bearer"}"
2023-01-16 17:46:50 DEBUG wire:73 -  << "[\r][\n]"
2023-01-16 17:46:50 DEBUG wire:73 -  << "0[\r][\n]"
2023-01-16 17:46:50 DEBUG wire:73 -  << "[\r][\n]"
2023-01-16 17:46:50 DEBUG BasicClientConnectionManager:200 - Releasing connection org.apache.http.impl.conn.ManagedClientConnectionImpl@1fbe4a8
2023-01-16 17:46:50 DEBUG BasicClientConnectionManager:225 - Connection can be kept alive indefinitely
2023-01-16 17:46:50 DEBUG DefaultClientConnection:180 - Connection 0.0.0.0:49766<->34.205.148.118:443 closed
2023-01-16 17:46:50 DEBUG TestUtils:69 - access_token: eyJraWQiOiJtNlhhM3FkczlxY2o2ODZYOVBRb0JqTEJSQU5yMzBPZ21ZQzdvdThZc1N3PSIsImFsZyI6IlJTMjU2In0.eyJzdWIiOiIxdTVpbzR2YTlzcjQ1bjc5ZmNlZzJkYW1qZiIsInRva2VuX3VzZSI6ImFjY2VzcyIsInNjb3BlIjoiaXphYW5fdGVzdFwvcG9zdF9pbmZvIiwiYXV0aF90aW1lIjoxNjczOTA5MjE1LCJpc3MiOiJodHRwczpcL1wvY29nbml0by1pZHAudXMtZWFzdC0xLmFtYXpvbmF3cy5jb21cL3VzLWVhc3QtMV9ZN3k4cTVDMVoiLCJleHAiOjE2NzM5MTI4MTUsImlhdCI6MTY3MzkwOTIxNSwidmVyc2lvbiI6MiwianRpIjoiMThkMDI4ZmItYzcyNy00MzY5LWI3ZjQtNTJkOGQ0YzNlMTNlIiwiY2xpZW50X2lkIjoiMXU1aW80dmE5c3I0NW43OWZjZWcyZGFtamYifQ.XaBbYV5sFPgyVbS_jGtQT1cjpb6MAz__Aia9Qtm0_zOcA6p5gnLvsyga4Yeuyi7pzCS7lVCqCnbhCx_5TQnO8e5Hq0hLR8a_7sfCgGio1DlQQka9NV4XZ7yarJfWWX_QO_1vy0Jj0eiSLnA_nPyyp6MpIJOAXMBL4DmyzC6vEvmUowdeocMizpWjXhwuD9Y6Qks4Lrh-Vq9rFhzlt29T1zKyXXGowLn5ui2NrGiCoqllLVDm3M0cahhecAbtnX5SQYm8Hig90OldOva3NdUNt_OaHcxE_5l6lv20h36gUlqpadVHLyhQYXQv-YSySYg8lGwTBnCjA3va5Ib0umDtDA
2023-01-16 17:46:50 INFO  TestUtils:22 - Env Name: stage
2023-01-16 17:46:50 INFO  TestUtils:22 - Env Name: stage
2023-01-16 17:46:50 INFO  TestUtils:22 - Env Name: stage
2023-01-16 17:46:50 INFO  TestUtils:22 - Env Name: stage
2023-01-16 17:46:50 INFO  TestUtils:22 - Env Name: stage
2023-01-16 17:46:50 INFO  Base:27 - End Point : /oauth2/token
2023-01-16 17:46:50 DEBUG BasicClientConnectionManager:161 - Get connection for route {s}->https://izaan-test.auth.us-east-1.amazoncognito.com:443
2023-01-16 17:46:50 DEBUG DefaultClientConnectionOperator:177 - Connecting to izaan-test.auth.us-east-1.amazoncognito.com:443
2023-01-16 17:46:50 DEBUG RequestAddCookies:123 - CookieSpec selected: ignoreCookies
2023-01-16 17:46:50 DEBUG RequestAuthCache:77 - Auth cache not set in the context
2023-01-16 17:46:50 DEBUG RequestProxyAuthentication:89 - Proxy auth state: UNCHALLENGED
2023-01-16 17:46:50 DEBUG DefaultHttpClient:682 - Attempt 1 to execute request
2023-01-16 17:46:50 DEBUG DefaultClientConnection:274 - Sending request: POST /oauth2/token HTTP/1.1
2023-01-16 17:46:50 DEBUG wire:73 -  >> "POST /oauth2/token HTTP/1.1[\r][\n]"
2023-01-16 17:46:50 DEBUG wire:73 -  >> "Authorization: Basic MXU1aW80dmE5c3I0NW43OWZjZWcyZGFtamY6MXFia3RodnA3bGJjN2FhdnVoaG1mZzhmMmNyZWtvcjloMmg3YWJ1Mm9ydTFubHBqNzFmZQ==[\r][\n]"
2023-01-16 17:46:50 DEBUG wire:73 -  >> "Accept: */*[\r][\n]"
2023-01-16 17:46:50 DEBUG wire:73 -  >> "Content-Type: application/x-www-form-urlencoded; charset=ISO-8859-1[\r][\n]"
2023-01-16 17:46:50 DEBUG wire:73 -  >> "Content-Length: 58[\r][\n]"
2023-01-16 17:46:50 DEBUG wire:73 -  >> "Host: izaan-test.auth.us-east-1.amazoncognito.com[\r][\n]"
2023-01-16 17:46:50 DEBUG wire:73 -  >> "Connection: Keep-Alive[\r][\n]"
2023-01-16 17:46:50 DEBUG wire:73 -  >> "User-Agent: Apache-HttpClient/4.5.3 (Java/1.8.0_341)[\r][\n]"
2023-01-16 17:46:50 DEBUG wire:73 -  >> "Accept-Encoding: gzip,deflate[\r][\n]"
2023-01-16 17:46:50 DEBUG wire:73 -  >> "[\r][\n]"
2023-01-16 17:46:50 DEBUG headers:278 - >> POST /oauth2/token HTTP/1.1
2023-01-16 17:46:50 DEBUG headers:281 - >> Authorization: Basic MXU1aW80dmE5c3I0NW43OWZjZWcyZGFtamY6MXFia3RodnA3bGJjN2FhdnVoaG1mZzhmMmNyZWtvcjloMmg3YWJ1Mm9ydTFubHBqNzFmZQ==
2023-01-16 17:46:50 DEBUG headers:281 - >> Accept: */*
2023-01-16 17:46:50 DEBUG headers:281 - >> Content-Type: application/x-www-form-urlencoded; charset=ISO-8859-1
2023-01-16 17:46:50 DEBUG headers:281 - >> Content-Length: 58
2023-01-16 17:46:50 DEBUG headers:281 - >> Host: izaan-test.auth.us-east-1.amazoncognito.com
2023-01-16 17:46:50 DEBUG headers:281 - >> Connection: Keep-Alive
2023-01-16 17:46:50 DEBUG headers:281 - >> User-Agent: Apache-HttpClient/4.5.3 (Java/1.8.0_341)
2023-01-16 17:46:50 DEBUG headers:281 - >> Accept-Encoding: gzip,deflate
2023-01-16 17:46:50 DEBUG wire:87 -  >> "grant_type=client_credentials&scope=izaan_test%2Fpost_info"
2023-01-16 17:46:50 DEBUG wire:73 -  << "HTTP/1.1 200 OK[\r][\n]"
2023-01-16 17:46:50 DEBUG wire:73 -  << "Date: Mon, 16 Jan 2023 22:46:56 GMT[\r][\n]"
2023-01-16 17:46:50 DEBUG wire:73 -  << "Content-Type: application/json;charset=UTF-8[\r][\n]"
2023-01-16 17:46:50 DEBUG wire:73 -  << "Transfer-Encoding: chunked[\r][\n]"
2023-01-16 17:46:50 DEBUG wire:73 -  << "Connection: keep-alive[\r][\n]"
2023-01-16 17:46:50 DEBUG wire:73 -  << "Set-Cookie: XSRF-TOKEN=9195ca8b-e322-4ca6-abed-05495389fdcd; Path=/; Secure; HttpOnly; SameSite=Lax[\r][\n]"
2023-01-16 17:46:50 DEBUG wire:73 -  << "x-amz-cognito-request-id: 990fcbd9-4825-43df-88b3-6871c7fd2a67[\r][\n]"
2023-01-16 17:46:50 DEBUG wire:73 -  << "X-Content-Type-Options: nosniff[\r][\n]"
2023-01-16 17:46:50 DEBUG wire:73 -  << "X-XSS-Protection: 1; mode=block[\r][\n]"
2023-01-16 17:46:50 DEBUG wire:73 -  << "Cache-Control: no-cache, no-store, max-age=0, must-revalidate[\r][\n]"
2023-01-16 17:46:50 DEBUG wire:73 -  << "Pragma: no-cache[\r][\n]"
2023-01-16 17:46:50 DEBUG wire:73 -  << "Expires: 0[\r][\n]"
2023-01-16 17:46:50 DEBUG wire:73 -  << "Strict-Transport-Security: max-age=31536000 ; includeSubDomains[\r][\n]"
2023-01-16 17:46:50 DEBUG wire:73 -  << "X-Frame-Options: DENY[\r][\n]"
2023-01-16 17:46:50 DEBUG wire:73 -  << "Server: Server[\r][\n]"
2023-01-16 17:46:50 DEBUG wire:73 -  << "[\r][\n]"
2023-01-16 17:46:50 DEBUG DefaultClientConnection:259 - Receiving response: HTTP/1.1 200 OK
2023-01-16 17:46:50 DEBUG headers:262 - << HTTP/1.1 200 OK
2023-01-16 17:46:50 DEBUG headers:265 - << Date: Mon, 16 Jan 2023 22:46:56 GMT
2023-01-16 17:46:50 DEBUG headers:265 - << Content-Type: application/json;charset=UTF-8
2023-01-16 17:46:50 DEBUG headers:265 - << Transfer-Encoding: chunked
2023-01-16 17:46:50 DEBUG headers:265 - << Connection: keep-alive
2023-01-16 17:46:50 DEBUG headers:265 - << Set-Cookie: XSRF-TOKEN=9195ca8b-e322-4ca6-abed-05495389fdcd; Path=/; Secure; HttpOnly; SameSite=Lax
2023-01-16 17:46:50 DEBUG headers:265 - << x-amz-cognito-request-id: 990fcbd9-4825-43df-88b3-6871c7fd2a67
2023-01-16 17:46:50 DEBUG headers:265 - << X-Content-Type-Options: nosniff
2023-01-16 17:46:50 DEBUG headers:265 - << X-XSS-Protection: 1; mode=block
2023-01-16 17:46:50 DEBUG headers:265 - << Cache-Control: no-cache, no-store, max-age=0, must-revalidate
2023-01-16 17:46:50 DEBUG headers:265 - << Pragma: no-cache
2023-01-16 17:46:50 DEBUG headers:265 - << Expires: 0
2023-01-16 17:46:50 DEBUG headers:265 - << Strict-Transport-Security: max-age=31536000 ; includeSubDomains
2023-01-16 17:46:50 DEBUG headers:265 - << X-Frame-Options: DENY
2023-01-16 17:46:50 DEBUG headers:265 - << Server: Server
2023-01-16 17:46:50 DEBUG DefaultHttpClient:509 - Connection can be kept alive indefinitely
2023-01-16 17:46:50 DEBUG RequestSpecificationImpl$RestAssuredHttpBuilder:545 - Parsing response as: application/json;charset=UTF-8
2023-01-16 17:46:50 DEBUG RequestSpecificationImpl$RestAssuredHttpBuilder:548 - Parsed data to instance of: class org.apache.http.conn.EofSensorInputStream
2023-01-16 17:46:50 DEBUG wire:73 -  << "398[\r][\n]"
2023-01-16 17:46:50 DEBUG wire:87 -  << "{"access_token":"eyJraWQiOiJtNlhhM3FkczlxY2o2ODZYOVBRb0JqTEJSQU5yMzBPZ21ZQzdvdThZc1N3PSIsImFsZyI6IlJTMjU2In0.eyJzdWIiOiIxdTVpbzR2YTlzcjQ1bjc5ZmNlZzJkYW1qZiIsInRva2VuX3VzZSI6ImFjY2VzcyIsInNjb3BlIjoiaXphYW5fdGVzdFwvcG9zdF9pbmZvIiwiYXV0aF90aW1lIjoxNjczOTA5MjE2LCJpc3MiOiJodHRwczpcL1wvY29nbml0by1pZHAudXMtZWFzdC0xLmFtYXpvbmF3cy5jb21cL3VzLWVhc3QtMV9ZN3k4cTVDMVoiLCJleHAiOjE2NzM5MTI4MTYsImlhdCI6MTY3MzkwOTIxNiwidmVyc2lvbiI6MiwianRpIjoiZTVhMTg2MDItODA5MC00OGQyLWFkNDAtNmQ0ZTYxMWEwZTI0IiwiY2xpZW50X2lkIjoiMXU1aW80dmE5c3I0NW43OWZjZWcyZGFtamYifQ.BVlmASSyE7de9KD9mpbHqfoVAm-w-he3cqM4I6-NmjZ4g-reN8VjHwtQf3Ey2p_yYAfwZUpc24nT6T8yM85Wzjo1EkAX09DGrbBX0lhI641SQ0ZnjGzhh6RD3iklFqeW_Lm_u5UUqh72ehbS0H6ysOdASdNdPG89YqEZ763joejPpAj3BYnvRHeVn-u4LiGlUrPiyWzyVVcHFh0msJJte8mrbWWmuWXJlcBbXdBIRRdA0P5tWadu3MNU-uhkdeUcBO-U_sUFanT2Y-GoS7IPGesgM7zeQyuJAQAv8fUKKsjaEYf3n_nTUU0tWSclBLxBcy0Rp0HzTt_h7JnIgUuAMg","expires_in":3600,"token_type":"Bearer"}"
2023-01-16 17:46:50 DEBUG wire:73 -  << "[\r][\n]"
2023-01-16 17:46:50 DEBUG wire:73 -  << "0[\r][\n]"
2023-01-16 17:46:50 DEBUG wire:73 -  << "[\r][\n]"
2023-01-16 17:46:50 DEBUG BasicClientConnectionManager:200 - Releasing connection org.apache.http.impl.conn.ManagedClientConnectionImpl@1429fac
2023-01-16 17:46:50 DEBUG BasicClientConnectionManager:225 - Connection can be kept alive indefinitely
2023-01-16 17:46:50 INFO  TestUtils:22 - Env Name: stage
2023-01-16 17:46:50 INFO  Base:27 - End Point : /test/submit
2023-01-16 17:46:51 INFO  Base:122 - Inside POSTRequest call
2023-01-16 17:46:51 DEBUG BasicClientConnectionManager:161 - Get connection for route {s}->https://5x9m5ed0tj.execute-api.us-east-1.amazonaws.com:443
2023-01-16 17:46:51 DEBUG DefaultClientConnectionOperator:177 - Connecting to 5x9m5ed0tj.execute-api.us-east-1.amazonaws.com:443
2023-01-16 17:46:51 DEBUG RequestAddCookies:123 - CookieSpec selected: ignoreCookies
2023-01-16 17:46:51 DEBUG RequestAuthCache:77 - Auth cache not set in the context
2023-01-16 17:46:51 DEBUG RequestProxyAuthentication:89 - Proxy auth state: UNCHALLENGED
2023-01-16 17:46:51 DEBUG DefaultHttpClient:682 - Attempt 1 to execute request
2023-01-16 17:46:51 DEBUG DefaultClientConnection:274 - Sending request: POST /test/submit HTTP/1.1
2023-01-16 17:46:51 DEBUG wire:73 -  >> "POST /test/submit HTTP/1.1[\r][\n]"
2023-01-16 17:46:51 DEBUG wire:73 -  >> "Authorization: Bearer eyJraWQiOiJtNlhhM3FkczlxY2o2ODZYOVBRb0JqTEJSQU5yMzBPZ21ZQzdvdThZc1N3PSIsImFsZyI6IlJTMjU2In0.eyJzdWIiOiIxdTVpbzR2YTlzcjQ1bjc5ZmNlZzJkYW1qZiIsInRva2VuX3VzZSI6ImFjY2VzcyIsInNjb3BlIjoiaXphYW5fdGVzdFwvcG9zdF9pbmZvIiwiYXV0aF90aW1lIjoxNjczOTA5MjE2LCJpc3MiOiJodHRwczpcL1wvY29nbml0by1pZHAudXMtZWFzdC0xLmFtYXpvbmF3cy5jb21cL3VzLWVhc3QtMV9ZN3k4cTVDMVoiLCJleHAiOjE2NzM5MTI4MTYsImlhdCI6MTY3MzkwOTIxNiwidmVyc2lvbiI6MiwianRpIjoiZTVhMTg2MDItODA5MC00OGQyLWFkNDAtNmQ0ZTYxMWEwZTI0IiwiY2xpZW50X2lkIjoiMXU1aW80dmE5c3I0NW43OWZjZWcyZGFtamYifQ.BVlmASSyE7de9KD9mpbHqfoVAm-w-he3cqM4I6-NmjZ4g-reN8VjHwtQf3Ey2p_yYAfwZUpc24nT6T8yM85Wzjo1EkAX09DGrbBX0lhI641SQ0ZnjGzhh6RD3iklFqeW_Lm_u5UUqh72ehbS0H6ysOdASdNdPG89YqEZ763joejPpAj3BYnvRHeVn-u4LiGlUrPiyWzyVVcHFh0msJJte8mrbWWmuWXJlcBbXdBIRRdA0P5tWadu3MNU-uhkdeUcBO-U_sUFanT2Y-GoS7IPGesgM7zeQyuJAQAv8fUKKsjaEYf3n_nTUU0tWSclBLxBcy0Rp0HzTt_h7JnIgUuAMg[\r][\n]"
2023-01-16 17:46:51 DEBUG wire:73 -  >> "Accept: */*[\r][\n]"
2023-01-16 17:46:51 DEBUG wire:73 -  >> "Content-Type: application/json; charset=UTF-8[\r][\n]"
2023-01-16 17:46:51 DEBUG wire:73 -  >> "Content-Length: 24[\r][\n]"
2023-01-16 17:46:51 DEBUG wire:73 -  >> "Host: 5x9m5ed0tj.execute-api.us-east-1.amazonaws.com[\r][\n]"
2023-01-16 17:46:51 DEBUG wire:73 -  >> "Connection: Keep-Alive[\r][\n]"
2023-01-16 17:46:51 DEBUG wire:73 -  >> "User-Agent: Apache-HttpClient/4.5.3 (Java/1.8.0_341)[\r][\n]"
2023-01-16 17:46:51 DEBUG wire:73 -  >> "Accept-Encoding: gzip,deflate[\r][\n]"
2023-01-16 17:46:51 DEBUG wire:73 -  >> "[\r][\n]"
2023-01-16 17:46:51 DEBUG headers:278 - >> POST /test/submit HTTP/1.1
2023-01-16 17:46:51 DEBUG headers:281 - >> Authorization: Bearer eyJraWQiOiJtNlhhM3FkczlxY2o2ODZYOVBRb0JqTEJSQU5yMzBPZ21ZQzdvdThZc1N3PSIsImFsZyI6IlJTMjU2In0.eyJzdWIiOiIxdTVpbzR2YTlzcjQ1bjc5ZmNlZzJkYW1qZiIsInRva2VuX3VzZSI6ImFjY2VzcyIsInNjb3BlIjoiaXphYW5fdGVzdFwvcG9zdF9pbmZvIiwiYXV0aF90aW1lIjoxNjczOTA5MjE2LCJpc3MiOiJodHRwczpcL1wvY29nbml0by1pZHAudXMtZWFzdC0xLmFtYXpvbmF3cy5jb21cL3VzLWVhc3QtMV9ZN3k4cTVDMVoiLCJleHAiOjE2NzM5MTI4MTYsImlhdCI6MTY3MzkwOTIxNiwidmVyc2lvbiI6MiwianRpIjoiZTVhMTg2MDItODA5MC00OGQyLWFkNDAtNmQ0ZTYxMWEwZTI0IiwiY2xpZW50X2lkIjoiMXU1aW80dmE5c3I0NW43OWZjZWcyZGFtamYifQ.BVlmASSyE7de9KD9mpbHqfoVAm-w-he3cqM4I6-NmjZ4g-reN8VjHwtQf3Ey2p_yYAfwZUpc24nT6T8yM85Wzjo1EkAX09DGrbBX0lhI641SQ0ZnjGzhh6RD3iklFqeW_Lm_u5UUqh72ehbS0H6ysOdASdNdPG89YqEZ763joejPpAj3BYnvRHeVn-u4LiGlUrPiyWzyVVcHFh0msJJte8mrbWWmuWXJlcBbXdBIRRdA0P5tWadu3MNU-uhkdeUcBO-U_sUFanT2Y-GoS7IPGesgM7zeQyuJAQAv8fUKKsjaEYf3n_nTUU0tWSclBLxBcy0Rp0HzTt_h7JnIgUuAMg
2023-01-16 17:46:51 DEBUG headers:281 - >> Accept: */*
2023-01-16 17:46:51 DEBUG headers:281 - >> Content-Type: application/json; charset=UTF-8
2023-01-16 17:46:51 DEBUG headers:281 - >> Content-Length: 24
2023-01-16 17:46:51 DEBUG headers:281 - >> Host: 5x9m5ed0tj.execute-api.us-east-1.amazonaws.com
2023-01-16 17:46:51 DEBUG headers:281 - >> Connection: Keep-Alive
2023-01-16 17:46:51 DEBUG headers:281 - >> User-Agent: Apache-HttpClient/4.5.3 (Java/1.8.0_341)
2023-01-16 17:46:51 DEBUG headers:281 - >> Accept-Encoding: gzip,deflate
2023-01-16 17:46:51 DEBUG wire:87 -  >> "{"name":"John","age":51}"
2023-01-16 17:46:51 DEBUG wire:73 -  << "HTTP/1.1 200 OK[\r][\n]"
2023-01-16 17:46:51 DEBUG wire:73 -  << "Date: Mon, 16 Jan 2023 22:46:57 GMT[\r][\n]"
2023-01-16 17:46:51 DEBUG wire:73 -  << "Content-Type: application/json[\r][\n]"
2023-01-16 17:46:51 DEBUG wire:73 -  << "Content-Length: 31[\r][\n]"
2023-01-16 17:46:51 DEBUG wire:73 -  << "Connection: keep-alive[\r][\n]"
2023-01-16 17:46:51 DEBUG wire:73 -  << "x-amzn-RequestId: 66611bd1-ff69-42d0-8ec8-90f1baa9b8da[\r][\n]"
2023-01-16 17:46:51 DEBUG wire:73 -  << "x-amz-apigw-id: e24LIFHToAMFeLg=[\r][\n]"
2023-01-16 17:46:51 DEBUG wire:73 -  << "X-Amzn-Trace-Id: Root=1-63c5d3e0-7c2f89e03ac32a515b8b543d;Sampled=0[\r][\n]"
2023-01-16 17:46:51 DEBUG wire:73 -  << "[\r][\n]"
2023-01-16 17:46:51 DEBUG DefaultClientConnection:259 - Receiving response: HTTP/1.1 200 OK
2023-01-16 17:46:51 DEBUG headers:262 - << HTTP/1.1 200 OK
2023-01-16 17:46:51 DEBUG headers:265 - << Date: Mon, 16 Jan 2023 22:46:57 GMT
2023-01-16 17:46:51 DEBUG headers:265 - << Content-Type: application/json
2023-01-16 17:46:51 DEBUG headers:265 - << Content-Length: 31
2023-01-16 17:46:51 DEBUG headers:265 - << Connection: keep-alive
2023-01-16 17:46:51 DEBUG headers:265 - << x-amzn-RequestId: 66611bd1-ff69-42d0-8ec8-90f1baa9b8da
2023-01-16 17:46:51 DEBUG headers:265 - << x-amz-apigw-id: e24LIFHToAMFeLg=
2023-01-16 17:46:51 DEBUG headers:265 - << X-Amzn-Trace-Id: Root=1-63c5d3e0-7c2f89e03ac32a515b8b543d;Sampled=0
2023-01-16 17:46:51 DEBUG DefaultHttpClient:509 - Connection can be kept alive indefinitely
2023-01-16 17:46:51 DEBUG RequestSpecificationImpl$RestAssuredHttpBuilder:545 - Parsing response as: application/json
2023-01-16 17:46:51 DEBUG RequestSpecificationImpl$RestAssuredHttpBuilder:548 - Parsed data to instance of: class org.apache.http.conn.EofSensorInputStream
2023-01-16 17:46:51 DEBUG Base:127 - io.restassured.internal.RequestSpecificationImpl@15bc339
2023-01-16 17:46:51 INFO  SubmitResourceAssertion:17 - Assertions to verify if the resource has been submitted
2023-01-16 17:46:51 INFO  TestUtils:41 - Getting Response Code
2023-01-16 17:46:51 INFO  TestUtils:43 - Status Code: 200
2023-01-16 17:46:51 INFO  TestUtils:87 - Getting an attribute value from a JSON file
2023-01-16 17:46:51 DEBUG TestUtils:91 - age: 51
2023-01-16 17:46:51 INFO  TestUtils:66 - Getting an attribute value from Response body
2023-01-16 17:46:51 DEBUG wire:87 -  << "{"message": "You are an Adult"}"
2023-01-16 17:46:51 DEBUG BasicClientConnectionManager:200 - Releasing connection org.apache.http.impl.conn.ManagedClientConnectionImpl@ab1508
2023-01-16 17:46:51 DEBUG BasicClientConnectionManager:225 - Connection can be kept alive indefinitely
2023-01-16 17:46:51 DEBUG TestUtils:69 - message: You are an Adult
